{"C:\\Users\\11HuR\\Desktop\\Liskov\\lap3\\Lap-3-project\\server\\app.js": {"path":"C:\\Users\\11HuR\\Desktop\\Liskov\\lap3\\Lap-3-project\\server\\app.js","statementMap":{"0":{"start":{"line":1,"column":16},"end":{"line":1,"column":34}},"1":{"start":{"line":2,"column":13},"end":{"line":2,"column":28}},"2":{"start":{"line":4,"column":18},"end":{"line":4,"column":48}},"3":{"start":{"line":5,"column":19},"end":{"line":5,"column":44}},"4":{"start":{"line":6,"column":26},"end":{"line":6,"column":58}},"5":{"start":{"line":7,"column":19},"end":{"line":7,"column":44}},"6":{"start":{"line":10,"column":12},"end":{"line":10,"column":21}},"7":{"start":{"line":11,"column":0},"end":{"line":11,"column":16}},"8":{"start":{"line":12,"column":0},"end":{"line":12,"column":24}},"9":{"start":{"line":13,"column":0},"end":{"line":13,"column":19}},"10":{"start":{"line":15,"column":0},"end":{"line":17,"column":3}},"11":{"start":{"line":16,"column":2},"end":{"line":16,"column":33}},"12":{"start":{"line":19,"column":0},"end":{"line":19,"column":30}},"13":{"start":{"line":20,"column":0},"end":{"line":20,"column":44}},"14":{"start":{"line":21,"column":0},"end":{"line":21,"column":31}},"15":{"start":{"line":23,"column":0},"end":{"line":23,"column":21}}},"fnMap":{"0":{"name":"(anonymous_0)","decl":{"start":{"line":15,"column":13},"end":{"line":15,"column":14}},"loc":{"start":{"line":15,"column":27},"end":{"line":17,"column":1}},"line":15}},"branchMap":{},"s":{"0":3,"1":3,"2":3,"3":3,"4":3,"5":3,"6":3,"7":3,"8":3,"9":3,"10":3,"11":0,"12":3,"13":3,"14":3,"15":3},"f":{"0":0},"b":{},"_coverageSchema":"1a1c01bbd47fc00a2c39e90264f33305004495a9","hash":"de805b9c60d6bd902d3a3e36f6f224b71f237e95"}
,"C:\\Users\\11HuR\\Desktop\\Liskov\\lap3\\Lap-3-project\\server\\__test__\\mock\\database\\setup.js": {"path":"C:\\Users\\11HuR\\Desktop\\Liskov\\lap3\\Lap-3-project\\server\\__test__\\mock\\database\\setup.js","statementMap":{"0":{"start":{"line":1,"column":0},"end":{"line":1,"column":27}},"1":{"start":{"line":2,"column":11},"end":{"line":2,"column":24}},"2":{"start":{"line":3,"column":13},"end":{"line":3,"column":28}},"3":{"start":{"line":4,"column":17},"end":{"line":4,"column":30}},"4":{"start":{"line":6,"column":20},"end":{"line":18,"column":1}},"5":{"start":{"line":7,"column":13},"end":{"line":9,"column":4}},"6":{"start":{"line":10,"column":14},"end":{"line":10,"column":75}},"7":{"start":{"line":11,"column":2},"end":{"line":17,"column":3}},"8":{"start":{"line":12,"column":4},"end":{"line":12,"column":24}},"9":{"start":{"line":13,"column":4},"end":{"line":13,"column":13}},"10":{"start":{"line":14,"column":4},"end":{"line":14,"column":46}},"11":{"start":{"line":16,"column":4},"end":{"line":16,"column":23}},"12":{"start":{"line":20,"column":0},"end":{"line":20,"column":29}}},"fnMap":{"0":{"name":"(anonymous_0)","decl":{"start":{"line":6,"column":20},"end":{"line":6,"column":21}},"loc":{"start":{"line":6,"column":32},"end":{"line":18,"column":1}},"line":6}},"branchMap":{},"s":{"0":3,"1":3,"2":3,"3":3,"4":3,"5":3,"6":3,"7":3,"8":3,"9":3,"10":3,"11":0,"12":3},"f":{"0":3},"b":{},"_coverageSchema":"1a1c01bbd47fc00a2c39e90264f33305004495a9","hash":"c528cfc1dc2098f5c23c94c8da7c6edc4147e408"}
,"C:\\Users\\11HuR\\Desktop\\Liskov\\lap3\\Lap-3-project\\server\\controllers\\leaderboard.js": {"path":"C:\\Users\\11HuR\\Desktop\\Liskov\\lap3\\Lap-3-project\\server\\controllers\\leaderboard.js","statementMap":{"0":{"start":{"line":1,"column":20},"end":{"line":1,"column":52}},"1":{"start":{"line":4,"column":2},"end":{"line":10,"column":3}},"2":{"start":{"line":5,"column":19},"end":{"line":5,"column":63}},"3":{"start":{"line":6,"column":4},"end":{"line":6,"column":33}},"4":{"start":{"line":8,"column":4},"end":{"line":8,"column":20}},"5":{"start":{"line":9,"column":4},"end":{"line":9,"column":49}},"6":{"start":{"line":14,"column":2},"end":{"line":22,"column":3}},"7":{"start":{"line":15,"column":25},"end":{"line":15,"column":49}},"8":{"start":{"line":16,"column":19},"end":{"line":18,"column":5}},"9":{"start":{"line":19,"column":4},"end":{"line":19,"column":33}},"10":{"start":{"line":21,"column":4},"end":{"line":21,"column":49}},"11":{"start":{"line":26,"column":2},"end":{"line":32,"column":3}},"12":{"start":{"line":27,"column":15},"end":{"line":27,"column":31}},"13":{"start":{"line":28,"column":19},"end":{"line":28,"column":63}},"14":{"start":{"line":29,"column":4},"end":{"line":29,"column":33}},"15":{"start":{"line":31,"column":4},"end":{"line":31,"column":49}},"16":{"start":{"line":36,"column":13},"end":{"line":36,"column":29}},"17":{"start":{"line":37,"column":20},"end":{"line":37,"column":28}},"18":{"start":{"line":38,"column":2},"end":{"line":44,"column":3}},"19":{"start":{"line":39,"column":26},"end":{"line":39,"column":70}},"20":{"start":{"line":40,"column":19},"end":{"line":40,"column":72}},"21":{"start":{"line":41,"column":4},"end":{"line":41,"column":72}},"22":{"start":{"line":43,"column":4},"end":{"line":43,"column":49}},"23":{"start":{"line":47,"column":0},"end":{"line":52,"column":2}}},"fnMap":{"0":{"name":"index","decl":{"start":{"line":3,"column":15},"end":{"line":3,"column":20}},"loc":{"start":{"line":3,"column":31},"end":{"line":11,"column":1}},"line":3},"1":{"name":"show","decl":{"start":{"line":13,"column":15},"end":{"line":13,"column":19}},"loc":{"start":{"line":13,"column":30},"end":{"line":23,"column":1}},"line":13},"2":{"name":"showUser","decl":{"start":{"line":25,"column":15},"end":{"line":25,"column":23}},"loc":{"start":{"line":25,"column":34},"end":{"line":33,"column":1}},"line":25},"3":{"name":"update","decl":{"start":{"line":35,"column":15},"end":{"line":35,"column":21}},"loc":{"start":{"line":35,"column":32},"end":{"line":45,"column":1}},"line":35}},"branchMap":{},"s":{"0":3,"1":1,"2":1,"3":1,"4":0,"5":0,"6":2,"7":2,"8":2,"9":1,"10":1,"11":1,"12":1,"13":1,"14":1,"15":0,"16":1,"17":1,"18":1,"19":1,"20":1,"21":1,"22":0,"23":3},"f":{"0":1,"1":2,"2":1,"3":1},"b":{},"_coverageSchema":"1a1c01bbd47fc00a2c39e90264f33305004495a9","hash":"df388ded15520dafe38a20631b60dee0f5ff7c4e"}
,"C:\\Users\\11HuR\\Desktop\\Liskov\\lap3\\Lap-3-project\\server\\controllers\\quiz.js": {"path":"C:\\Users\\11HuR\\Desktop\\Liskov\\lap3\\Lap-3-project\\server\\controllers\\quiz.js","statementMap":{"0":{"start":{"line":1,"column":13},"end":{"line":1,"column":38}},"1":{"start":{"line":2,"column":13},"end":{"line":2,"column":38}},"2":{"start":{"line":3,"column":20},"end":{"line":3,"column":52}},"3":{"start":{"line":6,"column":2},"end":{"line":11,"column":3}},"4":{"start":{"line":7,"column":20},"end":{"line":7,"column":46}},"5":{"start":{"line":8,"column":4},"end":{"line":8,"column":34}},"6":{"start":{"line":10,"column":4},"end":{"line":10,"column":64}},"7":{"start":{"line":14,"column":2},"end":{"line":23,"column":3}},"8":{"start":{"line":15,"column":20},"end":{"line":15,"column":33}},"9":{"start":{"line":16,"column":17},"end":{"line":16,"column":52}},"10":{"start":{"line":17,"column":4},"end":{"line":19,"column":5}},"11":{"start":{"line":18,"column":6},"end":{"line":18,"column":64}},"12":{"start":{"line":20,"column":4},"end":{"line":20,"column":31}},"13":{"start":{"line":22,"column":4},"end":{"line":22,"column":65}},"14":{"start":{"line":27,"column":2},"end":{"line":33,"column":3}},"15":{"start":{"line":28,"column":20},"end":{"line":28,"column":36}},"16":{"start":{"line":29,"column":20},"end":{"line":29,"column":61}},"17":{"start":{"line":30,"column":4},"end":{"line":30,"column":34}},"18":{"start":{"line":32,"column":4},"end":{"line":32,"column":49}},"19":{"start":{"line":38,"column":2},"end":{"line":44,"column":3}},"20":{"start":{"line":39,"column":23},"end":{"line":39,"column":44}},"21":{"start":{"line":40,"column":20},"end":{"line":40,"column":65}},"22":{"start":{"line":41,"column":4},"end":{"line":41,"column":34}},"23":{"start":{"line":43,"column":4},"end":{"line":43,"column":49}},"24":{"start":{"line":49,"column":2},"end":{"line":54,"column":3}},"25":{"start":{"line":50,"column":20},"end":{"line":50,"column":51}},"26":{"start":{"line":51,"column":4},"end":{"line":51,"column":34}},"27":{"start":{"line":53,"column":4},"end":{"line":53,"column":49}},"28":{"start":{"line":59,"column":2},"end":{"line":64,"column":3}},"29":{"start":{"line":60,"column":20},"end":{"line":60,"column":55}},"30":{"start":{"line":61,"column":4},"end":{"line":61,"column":34}},"31":{"start":{"line":63,"column":4},"end":{"line":63,"column":49}},"32":{"start":{"line":69,"column":2},"end":{"line":74,"column":3}},"33":{"start":{"line":70,"column":20},"end":{"line":70,"column":51}},"34":{"start":{"line":71,"column":4},"end":{"line":71,"column":34}},"35":{"start":{"line":73,"column":4},"end":{"line":73,"column":49}},"36":{"start":{"line":78,"column":13},"end":{"line":78,"column":29}},"37":{"start":{"line":79,"column":2},"end":{"line":85,"column":3}},"38":{"start":{"line":80,"column":37},"end":{"line":80,"column":47}},"39":{"start":{"line":81,"column":21},"end":{"line":81,"column":78}},"40":{"start":{"line":82,"column":4},"end":{"line":82,"column":35}},"41":{"start":{"line":84,"column":4},"end":{"line":84,"column":49}},"42":{"start":{"line":89,"column":18},"end":{"line":89,"column":34}},"43":{"start":{"line":90,"column":2},"end":{"line":98,"column":3}},"44":{"start":{"line":91,"column":17},"end":{"line":91,"column":25}},"45":{"start":{"line":92,"column":21},"end":{"line":92,"column":57}},"46":{"start":{"line":93,"column":4},"end":{"line":93,"column":51}},"47":{"start":{"line":94,"column":4},"end":{"line":94,"column":35}},"48":{"start":{"line":96,"column":4},"end":{"line":96,"column":23}},"49":{"start":{"line":97,"column":4},"end":{"line":97,"column":51}},"50":{"start":{"line":102,"column":2},"end":{"line":116,"column":3}},"51":{"start":{"line":103,"column":19},"end":{"line":103,"column":35}},"52":{"start":{"line":104,"column":17},"end":{"line":104,"column":25}},"53":{"start":{"line":105,"column":21},"end":{"line":109,"column":5}},"54":{"start":{"line":110,"column":29},"end":{"line":110,"column":68}},"55":{"start":{"line":111,"column":4},"end":{"line":111,"column":59}},"56":{"start":{"line":112,"column":4},"end":{"line":112,"column":43}},"57":{"start":{"line":114,"column":4},"end":{"line":114,"column":23}},"58":{"start":{"line":115,"column":4},"end":{"line":115,"column":64}},"59":{"start":{"line":119,"column":0},"end":{"line":130,"column":2}}},"fnMap":{"0":{"name":"show","decl":{"start":{"line":5,"column":15},"end":{"line":5,"column":19}},"loc":{"start":{"line":5,"column":30},"end":{"line":12,"column":1}},"line":5},"1":{"name":"getQuizByQuizId","decl":{"start":{"line":13,"column":15},"end":{"line":13,"column":30}},"loc":{"start":{"line":13,"column":41},"end":{"line":24,"column":1}},"line":13},"2":{"name":"showById","decl":{"start":{"line":26,"column":15},"end":{"line":26,"column":23}},"loc":{"start":{"line":26,"column":34},"end":{"line":34,"column":1}},"line":26},"3":{"name":"showByLanguageId","decl":{"start":{"line":37,"column":15},"end":{"line":37,"column":31}},"loc":{"start":{"line":37,"column":42},"end":{"line":45,"column":1}},"line":37},"4":{"name":"getBeginnerQuizzes","decl":{"start":{"line":48,"column":15},"end":{"line":48,"column":33}},"loc":{"start":{"line":48,"column":44},"end":{"line":55,"column":1}},"line":48},"5":{"name":"getIntermediateQuizzes","decl":{"start":{"line":58,"column":15},"end":{"line":58,"column":37}},"loc":{"start":{"line":58,"column":48},"end":{"line":65,"column":1}},"line":58},"6":{"name":"getAdvancedQuizzes","decl":{"start":{"line":68,"column":15},"end":{"line":68,"column":33}},"loc":{"start":{"line":68,"column":44},"end":{"line":75,"column":1}},"line":68},"7":{"name":"getAllInfo","decl":{"start":{"line":77,"column":15},"end":{"line":77,"column":25}},"loc":{"start":{"line":77,"column":36},"end":{"line":86,"column":1}},"line":77},"8":{"name":"createQuizInstance","decl":{"start":{"line":88,"column":15},"end":{"line":88,"column":33}},"loc":{"start":{"line":88,"column":44},"end":{"line":99,"column":1}},"line":88},"9":{"name":"updateQuizInstance","decl":{"start":{"line":101,"column":15},"end":{"line":101,"column":33}},"loc":{"start":{"line":101,"column":44},"end":{"line":117,"column":1}},"line":101}},"branchMap":{"0":{"loc":{"start":{"line":17,"column":4},"end":{"line":19,"column":5}},"type":"if","locations":[{"start":{"line":17,"column":4},"end":{"line":19,"column":5}},{"start":{},"end":{}}],"line":17}},"s":{"0":3,"1":3,"2":3,"3":1,"4":1,"5":1,"6":0,"7":2,"8":2,"9":2,"10":2,"11":1,"12":1,"13":0,"14":2,"15":2,"16":2,"17":1,"18":1,"19":2,"20":2,"21":2,"22":1,"23":1,"24":1,"25":1,"26":1,"27":0,"28":1,"29":1,"30":1,"31":0,"32":1,"33":1,"34":1,"35":0,"36":0,"37":0,"38":0,"39":0,"40":0,"41":0,"42":1,"43":1,"44":1,"45":1,"46":1,"47":1,"48":0,"49":0,"50":3,"51":3,"52":3,"53":3,"54":2,"55":2,"56":2,"57":1,"58":1,"59":3},"f":{"0":1,"1":2,"2":2,"3":2,"4":1,"5":1,"6":1,"7":0,"8":1,"9":3},"b":{"0":[1,1]},"_coverageSchema":"1a1c01bbd47fc00a2c39e90264f33305004495a9","hash":"9c735c0fcc723dc4200b79fc2daf78e0ac4e2ff2"}
,"C:\\Users\\11HuR\\Desktop\\Liskov\\lap3\\Lap-3-project\\server\\controllers\\user.js": {"path":"C:\\Users\\11HuR\\Desktop\\Liskov\\lap3\\Lap-3-project\\server\\controllers\\user.js","statementMap":{"0":{"start":{"line":1,"column":0},"end":{"line":1,"column":27}},"1":{"start":{"line":2,"column":15},"end":{"line":2,"column":32}},"2":{"start":{"line":4,"column":13},"end":{"line":4,"column":38}},"3":{"start":{"line":5,"column":14},"end":{"line":5,"column":40}},"4":{"start":{"line":8,"column":2},"end":{"line":22,"column":3}},"5":{"start":{"line":9,"column":17},"end":{"line":9,"column":25}},"6":{"start":{"line":12,"column":17},"end":{"line":12,"column":79}},"7":{"start":{"line":15,"column":4},"end":{"line":15,"column":65}},"8":{"start":{"line":17,"column":19},"end":{"line":17,"column":42}},"9":{"start":{"line":19,"column":4},"end":{"line":19,"column":33}},"10":{"start":{"line":21,"column":4},"end":{"line":21,"column":49}},"11":{"start":{"line":26,"column":15},"end":{"line":26,"column":23}},"12":{"start":{"line":27,"column":2},"end":{"line":45,"column":3}},"13":{"start":{"line":28,"column":17},"end":{"line":28,"column":59}},"14":{"start":{"line":30,"column":26},"end":{"line":30,"column":79}},"15":{"start":{"line":31,"column":4},"end":{"line":31,"column":48}},"16":{"start":{"line":32,"column":4},"end":{"line":41,"column":5}},"17":{"start":{"line":33,"column":6},"end":{"line":33,"column":48}},"18":{"start":{"line":36,"column":20},"end":{"line":36,"column":52}},"19":{"start":{"line":37,"column":6},"end":{"line":37,"column":30}},"20":{"start":{"line":38,"column":6},"end":{"line":40,"column":80}},"21":{"start":{"line":43,"column":4},"end":{"line":43,"column":21}},"22":{"start":{"line":44,"column":4},"end":{"line":44,"column":49}},"23":{"start":{"line":49,"column":16},"end":{"line":49,"column":24}},"24":{"start":{"line":50,"column":19},"end":{"line":50,"column":57}},"25":{"start":{"line":51,"column":2},"end":{"line":56,"column":3}},"26":{"start":{"line":52,"column":21},"end":{"line":52,"column":49}},"27":{"start":{"line":53,"column":4},"end":{"line":53,"column":48}},"28":{"start":{"line":55,"column":4},"end":{"line":55,"column":51}},"29":{"start":{"line":60,"column":2},"end":{"line":71,"column":3}},"30":{"start":{"line":61,"column":19},"end":{"line":61,"column":35}},"31":{"start":{"line":63,"column":17},"end":{"line":63,"column":46}},"32":{"start":{"line":66,"column":4},"end":{"line":66,"column":25}},"33":{"start":{"line":68,"column":4},"end":{"line":68,"column":31}},"34":{"start":{"line":70,"column":4},"end":{"line":70,"column":67}},"35":{"start":{"line":75,"column":22},"end":{"line":75,"column":32}},"36":{"start":{"line":76,"column":15},"end":{"line":76,"column":23}},"37":{"start":{"line":77,"column":2},"end":{"line":88,"column":3}},"38":{"start":{"line":78,"column":4},"end":{"line":82,"column":5}},"39":{"start":{"line":79,"column":6},"end":{"line":81,"column":8}},"40":{"start":{"line":83,"column":25},"end":{"line":83,"column":55}},"41":{"start":{"line":84,"column":23},"end":{"line":84,"column":54}},"42":{"start":{"line":85,"column":4},"end":{"line":85,"column":62}},"43":{"start":{"line":87,"column":4},"end":{"line":87,"column":51}},"44":{"start":{"line":91,"column":0},"end":{"line":97,"column":2}}},"fnMap":{"0":{"name":"register","decl":{"start":{"line":7,"column":15},"end":{"line":7,"column":23}},"loc":{"start":{"line":7,"column":34},"end":{"line":23,"column":1}},"line":7},"1":{"name":"login","decl":{"start":{"line":25,"column":15},"end":{"line":25,"column":20}},"loc":{"start":{"line":25,"column":31},"end":{"line":46,"column":1}},"line":25},"2":{"name":"logout","decl":{"start":{"line":48,"column":15},"end":{"line":48,"column":21}},"loc":{"start":{"line":48,"column":32},"end":{"line":57,"column":1}},"line":48},"3":{"name":"details","decl":{"start":{"line":59,"column":15},"end":{"line":59,"column":22}},"loc":{"start":{"line":59,"column":33},"end":{"line":72,"column":1}},"line":59},"4":{"name":"destroy","decl":{"start":{"line":74,"column":15},"end":{"line":74,"column":22}},"loc":{"start":{"line":74,"column":33},"end":{"line":89,"column":1}},"line":74}},"branchMap":{"0":{"loc":{"start":{"line":32,"column":4},"end":{"line":41,"column":5}},"type":"if","locations":[{"start":{"line":32,"column":4},"end":{"line":41,"column":5}},{"start":{"line":34,"column":11},"end":{"line":41,"column":5}}],"line":32},"1":{"loc":{"start":{"line":78,"column":4},"end":{"line":82,"column":5}},"type":"if","locations":[{"start":{"line":78,"column":4},"end":{"line":82,"column":5}},{"start":{},"end":{}}],"line":78}},"s":{"0":3,"1":3,"2":3,"3":3,"4":3,"5":3,"6":3,"7":3,"8":3,"9":3,"10":0,"11":7,"12":7,"13":7,"14":5,"15":5,"16":5,"17":0,"18":5,"19":5,"20":5,"21":2,"22":2,"23":1,"24":1,"25":1,"26":1,"27":1,"28":0,"29":1,"30":1,"31":1,"32":1,"33":1,"34":0,"35":2,"36":2,"37":2,"38":2,"39":1,"40":1,"41":1,"42":1,"43":1,"44":3},"f":{"0":3,"1":7,"2":1,"3":1,"4":2},"b":{"0":[0,5],"1":[1,1]},"_coverageSchema":"1a1c01bbd47fc00a2c39e90264f33305004495a9","hash":"f2785460276bcb4d58203340db6d245e153417fb"}
,"C:\\Users\\11HuR\\Desktop\\Liskov\\lap3\\Lap-3-project\\server\\db\\connect.js": {"path":"C:\\Users\\11HuR\\Desktop\\Liskov\\lap3\\Lap-3-project\\server\\db\\connect.js","statementMap":{"0":{"start":{"line":1,"column":0},"end":{"line":1,"column":27}},"1":{"start":{"line":2,"column":17},"end":{"line":2,"column":30}},"2":{"start":{"line":4,"column":11},"end":{"line":6,"column":2}},"3":{"start":{"line":8,"column":0},"end":{"line":8,"column":50}},"4":{"start":{"line":10,"column":0},"end":{"line":10,"column":20}}},"fnMap":{},"branchMap":{},"s":{"0":3,"1":3,"2":3,"3":3,"4":3},"f":{},"b":{},"_coverageSchema":"1a1c01bbd47fc00a2c39e90264f33305004495a9","hash":"faa6601786539edb51f91639885d48523cd6173c"}
,"C:\\Users\\11HuR\\Desktop\\Liskov\\lap3\\Lap-3-project\\server\\middleware\\authenticator.js": {"path":"C:\\Users\\11HuR\\Desktop\\Liskov\\lap3\\Lap-3-project\\server\\middleware\\authenticator.js","statementMap":{"0":{"start":{"line":1,"column":14},"end":{"line":1,"column":40}},"1":{"start":{"line":5,"column":20},"end":{"line":5,"column":48}},"2":{"start":{"line":8,"column":2},"end":{"line":28,"column":3}},"3":{"start":{"line":9,"column":4},"end":{"line":24,"column":5}},"4":{"start":{"line":11,"column":19},"end":{"line":11,"column":55}},"5":{"start":{"line":13,"column":6},"end":{"line":20,"column":7}},"6":{"start":{"line":15,"column":8},"end":{"line":15,"column":24}},"7":{"start":{"line":16,"column":8},"end":{"line":16,"column":15}},"8":{"start":{"line":19,"column":8},"end":{"line":19,"column":56}},"9":{"start":{"line":22,"column":6},"end":{"line":22,"column":23}},"10":{"start":{"line":23,"column":6},"end":{"line":23,"column":63}},"11":{"start":{"line":27,"column":4},"end":{"line":27,"column":52}},"12":{"start":{"line":31,"column":0},"end":{"line":31,"column":33}}},"fnMap":{"0":{"name":"isAuthenticated","decl":{"start":{"line":4,"column":15},"end":{"line":4,"column":30}},"loc":{"start":{"line":4,"column":47},"end":{"line":29,"column":1}},"line":4}},"branchMap":{"0":{"loc":{"start":{"line":8,"column":2},"end":{"line":28,"column":3}},"type":"if","locations":[{"start":{"line":8,"column":2},"end":{"line":28,"column":3}},{"start":{"line":25,"column":9},"end":{"line":28,"column":3}}],"line":8},"1":{"loc":{"start":{"line":8,"column":6},"end":{"line":8,"column":52}},"type":"binary-expr","locations":[{"start":{"line":8,"column":6},"end":{"line":8,"column":15}},{"start":{"line":8,"column":19},"end":{"line":8,"column":52}}],"line":8},"2":{"loc":{"start":{"line":13,"column":6},"end":{"line":20,"column":7}},"type":"if","locations":[{"start":{"line":13,"column":6},"end":{"line":20,"column":7}},{"start":{"line":17,"column":13},"end":{"line":20,"column":7}}],"line":13}},"s":{"0":3,"1":23,"2":23,"3":22,"4":22,"5":22,"6":22,"7":22,"8":0,"9":0,"10":0,"11":1,"12":3},"f":{"0":23},"b":{"0":[22,1],"1":[23,22],"2":[22,0]},"_coverageSchema":"1a1c01bbd47fc00a2c39e90264f33305004495a9","hash":"febc587772611fa107f11b0087823953250be71e"}
,"C:\\Users\\11HuR\\Desktop\\Liskov\\lap3\\Lap-3-project\\server\\middleware\\logger.js": {"path":"C:\\Users\\11HuR\\Desktop\\Liskov\\lap3\\Lap-3-project\\server\\middleware\\logger.js","statementMap":{"0":{"start":{"line":2,"column":4},"end":{"line":2,"column":45}},"1":{"start":{"line":3,"column":4},"end":{"line":3,"column":11}},"2":{"start":{"line":6,"column":0},"end":{"line":6,"column":27}}},"fnMap":{"0":{"name":"logRoutes","decl":{"start":{"line":1,"column":9},"end":{"line":1,"column":18}},"loc":{"start":{"line":1,"column":35},"end":{"line":4,"column":1}},"line":1}},"branchMap":{},"s":{"0":35,"1":35,"2":3},"f":{"0":35},"b":{},"_coverageSchema":"1a1c01bbd47fc00a2c39e90264f33305004495a9","hash":"6ee493b191209ee65a7e0faee31f9298cb3a6c66"}
,"C:\\Users\\11HuR\\Desktop\\Liskov\\lap3\\Lap-3-project\\server\\models\\Leaderboard.js": {"path":"C:\\Users\\11HuR\\Desktop\\Liskov\\lap3\\Lap-3-project\\server\\models\\Leaderboard.js","statementMap":{"0":{"start":{"line":1,"column":11},"end":{"line":1,"column":35}},"1":{"start":{"line":5,"column":4},"end":{"line":5,"column":27}},"2":{"start":{"line":6,"column":4},"end":{"line":6,"column":39}},"3":{"start":{"line":7,"column":4},"end":{"line":7,"column":39}},"4":{"start":{"line":8,"column":4},"end":{"line":8,"column":21}},"5":{"start":{"line":9,"column":4},"end":{"line":9,"column":47}},"6":{"start":{"line":13,"column":21},"end":{"line":15,"column":5}},"7":{"start":{"line":17,"column":4},"end":{"line":19,"column":5}},"8":{"start":{"line":18,"column":6},"end":{"line":18,"column":50}},"9":{"start":{"line":21,"column":4},"end":{"line":21,"column":64}},"10":{"start":{"line":21,"column":40},"end":{"line":21,"column":62}},"11":{"start":{"line":25,"column":21},"end":{"line":28,"column":5}},"12":{"start":{"line":30,"column":4},"end":{"line":32,"column":5}},"13":{"start":{"line":31,"column":6},"end":{"line":31,"column":50}},"14":{"start":{"line":34,"column":4},"end":{"line":34,"column":45}},"15":{"start":{"line":38,"column":4},"end":{"line":58,"column":5}},"16":{"start":{"line":39,"column":23},"end":{"line":41,"column":7}},"17":{"start":{"line":43,"column":6},"end":{"line":45,"column":7}},"18":{"start":{"line":44,"column":8},"end":{"line":44,"column":52}},"19":{"start":{"line":46,"column":6},"end":{"line":46,"column":66}},"20":{"start":{"line":46,"column":42},"end":{"line":46,"column":64}},"21":{"start":{"line":47,"column":11},"end":{"line":58,"column":5}},"22":{"start":{"line":48,"column":23},"end":{"line":50,"column":7}},"23":{"start":{"line":52,"column":6},"end":{"line":54,"column":7}},"24":{"start":{"line":53,"column":8},"end":{"line":53,"column":52}},"25":{"start":{"line":55,"column":6},"end":{"line":55,"column":66}},"26":{"start":{"line":55,"column":42},"end":{"line":55,"column":64}},"27":{"start":{"line":57,"column":6},"end":{"line":57,"column":50}},"28":{"start":{"line":62,"column":4},"end":{"line":81,"column":5}},"29":{"start":{"line":66,"column":10},"end":{"line":66,"column":14}},"30":{"start":{"line":68,"column":19},"end":{"line":75,"column":7}},"31":{"start":{"line":77,"column":6},"end":{"line":77,"column":26}},"32":{"start":{"line":79,"column":6},"end":{"line":79,"column":25}},"33":{"start":{"line":80,"column":6},"end":{"line":80,"column":48}},"34":{"start":{"line":85,"column":4},"end":{"line":110,"column":5}},"35":{"start":{"line":86,"column":6},"end":{"line":106,"column":7}},"36":{"start":{"line":87,"column":8},"end":{"line":90,"column":10}},"37":{"start":{"line":92,"column":8},"end":{"line":95,"column":10}},"38":{"start":{"line":97,"column":8},"end":{"line":100,"column":10}},"39":{"start":{"line":102,"column":8},"end":{"line":105,"column":10}},"40":{"start":{"line":108,"column":6},"end":{"line":108,"column":25}},"41":{"start":{"line":109,"column":6},"end":{"line":109,"column":48}},"42":{"start":{"line":114,"column":0},"end":{"line":114,"column":29}}},"fnMap":{"0":{"name":"(anonymous_0)","decl":{"start":{"line":4,"column":2},"end":{"line":4,"column":3}},"loc":{"start":{"line":4,"column":70},"end":{"line":10,"column":3}},"line":4},"1":{"name":"(anonymous_1)","decl":{"start":{"line":12,"column":2},"end":{"line":12,"column":3}},"loc":{"start":{"line":12,"column":42},"end":{"line":22,"column":3}},"line":12},"2":{"name":"(anonymous_2)","decl":{"start":{"line":21,"column":29},"end":{"line":21,"column":30}},"loc":{"start":{"line":21,"column":40},"end":{"line":21,"column":62}},"line":21},"3":{"name":"(anonymous_3)","decl":{"start":{"line":24,"column":2},"end":{"line":24,"column":3}},"loc":{"start":{"line":24,"column":42},"end":{"line":35,"column":3}},"line":24},"4":{"name":"(anonymous_4)","decl":{"start":{"line":37,"column":2},"end":{"line":37,"column":3}},"loc":{"start":{"line":37,"column":55},"end":{"line":59,"column":3}},"line":37},"5":{"name":"(anonymous_5)","decl":{"start":{"line":46,"column":31},"end":{"line":46,"column":32}},"loc":{"start":{"line":46,"column":42},"end":{"line":46,"column":64}},"line":46},"6":{"name":"(anonymous_6)","decl":{"start":{"line":55,"column":31},"end":{"line":55,"column":32}},"loc":{"start":{"line":55,"column":42},"end":{"line":55,"column":64}},"line":55},"7":{"name":"(anonymous_7)","decl":{"start":{"line":61,"column":2},"end":{"line":61,"column":3}},"loc":{"start":{"line":61,"column":37},"end":{"line":82,"column":3}},"line":61},"8":{"name":"(anonymous_8)","decl":{"start":{"line":84,"column":2},"end":{"line":84,"column":3}},"loc":{"start":{"line":84,"column":40},"end":{"line":111,"column":3}},"line":84}},"branchMap":{"0":{"loc":{"start":{"line":17,"column":4},"end":{"line":19,"column":5}},"type":"if","locations":[{"start":{"line":17,"column":4},"end":{"line":19,"column":5}},{"start":{},"end":{}}],"line":17},"1":{"loc":{"start":{"line":30,"column":4},"end":{"line":32,"column":5}},"type":"if","locations":[{"start":{"line":30,"column":4},"end":{"line":32,"column":5}},{"start":{},"end":{}}],"line":30},"2":{"loc":{"start":{"line":38,"column":4},"end":{"line":58,"column":5}},"type":"if","locations":[{"start":{"line":38,"column":4},"end":{"line":58,"column":5}},{"start":{"line":47,"column":11},"end":{"line":58,"column":5}}],"line":38},"3":{"loc":{"start":{"line":43,"column":6},"end":{"line":45,"column":7}},"type":"if","locations":[{"start":{"line":43,"column":6},"end":{"line":45,"column":7}},{"start":{},"end":{}}],"line":43},"4":{"loc":{"start":{"line":47,"column":11},"end":{"line":58,"column":5}},"type":"if","locations":[{"start":{"line":47,"column":11},"end":{"line":58,"column":5}},{"start":{"line":56,"column":11},"end":{"line":58,"column":5}}],"line":47},"5":{"loc":{"start":{"line":52,"column":6},"end":{"line":54,"column":7}},"type":"if","locations":[{"start":{"line":52,"column":6},"end":{"line":54,"column":7}},{"start":{},"end":{}}],"line":52},"6":{"loc":{"start":{"line":64,"column":8},"end":{"line":64,"column":42}},"type":"default-arg","locations":[{"start":{"line":64,"column":24},"end":{"line":64,"column":42}}],"line":64},"7":{"loc":{"start":{"line":65,"column":8},"end":{"line":65,"column":42}},"type":"default-arg","locations":[{"start":{"line":65,"column":24},"end":{"line":65,"column":42}}],"line":65},"8":{"loc":{"start":{"line":86,"column":6},"end":{"line":106,"column":7}},"type":"if","locations":[{"start":{"line":86,"column":6},"end":{"line":106,"column":7}},{"start":{"line":96,"column":13},"end":{"line":106,"column":7}}],"line":86}},"s":{"0":3,"1":8,"2":8,"3":8,"4":8,"5":8,"6":1,"7":1,"8":0,"9":1,"10":3,"11":2,"12":2,"13":0,"14":2,"15":2,"16":1,"17":1,"18":0,"19":1,"20":3,"21":1,"22":0,"23":0,"24":0,"25":0,"26":0,"27":1,"28":1,"29":1,"30":1,"31":1,"32":0,"33":0,"34":3,"35":3,"36":3,"37":3,"38":0,"39":0,"40":0,"41":0,"42":3},"f":{"0":8,"1":1,"2":3,"3":2,"4":2,"5":3,"6":0,"7":1,"8":3},"b":{"0":[0,1],"1":[0,2],"2":[1,1],"3":[0,1],"4":[0,1],"5":[0,0],"6":[0],"7":[0],"8":[3,0]},"_coverageSchema":"1a1c01bbd47fc00a2c39e90264f33305004495a9","hash":"edb4574ce691c78d1a3a26bafb6e750ddc7b268e"}
,"C:\\Users\\11HuR\\Desktop\\Liskov\\lap3\\Lap-3-project\\server\\models\\Quiz.js": {"path":"C:\\Users\\11HuR\\Desktop\\Liskov\\lap3\\Lap-3-project\\server\\models\\Quiz.js","statementMap":{"0":{"start":{"line":1,"column":11},"end":{"line":1,"column":35}},"1":{"start":{"line":13,"column":4},"end":{"line":13,"column":39}},"2":{"start":{"line":14,"column":4},"end":{"line":14,"column":27}},"3":{"start":{"line":15,"column":4},"end":{"line":15,"column":27}},"4":{"start":{"line":16,"column":4},"end":{"line":16,"column":35}},"5":{"start":{"line":17,"column":4},"end":{"line":17,"column":41}},"6":{"start":{"line":18,"column":4},"end":{"line":18,"column":49}},"7":{"start":{"line":19,"column":4},"end":{"line":19,"column":41}},"8":{"start":{"line":23,"column":4},"end":{"line":28,"column":5}},"9":{"start":{"line":24,"column":23},"end":{"line":24,"column":62}},"10":{"start":{"line":25,"column":6},"end":{"line":25,"column":27}},"11":{"start":{"line":27,"column":6},"end":{"line":27,"column":68}},"12":{"start":{"line":33,"column":4},"end":{"line":45,"column":5}},"13":{"start":{"line":34,"column":23},"end":{"line":37,"column":7}},"14":{"start":{"line":38,"column":6},"end":{"line":40,"column":7}},"15":{"start":{"line":39,"column":8},"end":{"line":39,"column":20}},"16":{"start":{"line":41,"column":22},"end":{"line":41,"column":73}},"17":{"start":{"line":41,"column":54},"end":{"line":41,"column":72}},"18":{"start":{"line":42,"column":6},"end":{"line":42,"column":21}},"19":{"start":{"line":44,"column":6},"end":{"line":44,"column":69}},"20":{"start":{"line":49,"column":21},"end":{"line":52,"column":5}},"21":{"start":{"line":54,"column":4},"end":{"line":56,"column":5}},"22":{"start":{"line":55,"column":6},"end":{"line":55,"column":58}},"23":{"start":{"line":57,"column":20},"end":{"line":57,"column":71}},"24":{"start":{"line":57,"column":52},"end":{"line":57,"column":70}},"25":{"start":{"line":58,"column":4},"end":{"line":58,"column":19}},"26":{"start":{"line":63,"column":21},"end":{"line":66,"column":5}},"27":{"start":{"line":68,"column":4},"end":{"line":70,"column":5}},"28":{"start":{"line":69,"column":6},"end":{"line":69,"column":58}},"29":{"start":{"line":72,"column":20},"end":{"line":72,"column":71}},"30":{"start":{"line":72,"column":52},"end":{"line":72,"column":70}},"31":{"start":{"line":73,"column":4},"end":{"line":73,"column":19}},"32":{"start":{"line":78,"column":21},"end":{"line":80,"column":5}},"33":{"start":{"line":81,"column":20},"end":{"line":81,"column":71}},"34":{"start":{"line":81,"column":52},"end":{"line":81,"column":70}},"35":{"start":{"line":82,"column":4},"end":{"line":82,"column":19}},"36":{"start":{"line":87,"column":21},"end":{"line":89,"column":5}},"37":{"start":{"line":90,"column":20},"end":{"line":90,"column":71}},"38":{"start":{"line":90,"column":52},"end":{"line":90,"column":70}},"39":{"start":{"line":91,"column":4},"end":{"line":91,"column":19}},"40":{"start":{"line":96,"column":21},"end":{"line":98,"column":5}},"41":{"start":{"line":99,"column":20},"end":{"line":99,"column":71}},"42":{"start":{"line":99,"column":52},"end":{"line":99,"column":70}},"43":{"start":{"line":100,"column":4},"end":{"line":100,"column":19}},"44":{"start":{"line":104,"column":21},"end":{"line":107,"column":5}},"45":{"start":{"line":109,"column":4},"end":{"line":111,"column":5}},"46":{"start":{"line":110,"column":6},"end":{"line":110,"column":58}},"47":{"start":{"line":113,"column":4},"end":{"line":113,"column":38}},"48":{"start":{"line":123,"column":8},"end":{"line":123,"column":12}},"49":{"start":{"line":125,"column":21},"end":{"line":135,"column":5}},"50":{"start":{"line":137,"column":4},"end":{"line":139,"column":5}},"51":{"start":{"line":138,"column":6},"end":{"line":138,"column":44}},"52":{"start":{"line":141,"column":4},"end":{"line":141,"column":38}},"53":{"start":{"line":145,"column":67},"end":{"line":145,"column":71}},"54":{"start":{"line":151,"column":4},"end":{"line":153,"column":50}},"55":{"start":{"line":154,"column":4},"end":{"line":156,"column":58}},"56":{"start":{"line":157,"column":4},"end":{"line":159,"column":50}},"57":{"start":{"line":162,"column":21},"end":{"line":172,"column":5}},"58":{"start":{"line":174,"column":4},"end":{"line":174,"column":38}},"59":{"start":{"line":178,"column":0},"end":{"line":178,"column":22}}},"fnMap":{"0":{"name":"(anonymous_0)","decl":{"start":{"line":4,"column":2},"end":{"line":4,"column":3}},"loc":{"start":{"line":12,"column":5},"end":{"line":20,"column":3}},"line":12},"1":{"name":"(anonymous_1)","decl":{"start":{"line":22,"column":2},"end":{"line":22,"column":3}},"loc":{"start":{"line":22,"column":31},"end":{"line":29,"column":3}},"line":22},"2":{"name":"(anonymous_2)","decl":{"start":{"line":32,"column":2},"end":{"line":32,"column":3}},"loc":{"start":{"line":32,"column":40},"end":{"line":46,"column":3}},"line":32},"3":{"name":"(anonymous_3)","decl":{"start":{"line":41,"column":40},"end":{"line":41,"column":41}},"loc":{"start":{"line":41,"column":54},"end":{"line":41,"column":72}},"line":41},"4":{"name":"(anonymous_4)","decl":{"start":{"line":48,"column":2},"end":{"line":48,"column":3}},"loc":{"start":{"line":48,"column":46},"end":{"line":59,"column":3}},"line":48},"5":{"name":"(anonymous_5)","decl":{"start":{"line":57,"column":38},"end":{"line":57,"column":39}},"loc":{"start":{"line":57,"column":52},"end":{"line":57,"column":70}},"line":57},"6":{"name":"(anonymous_6)","decl":{"start":{"line":62,"column":2},"end":{"line":62,"column":3}},"loc":{"start":{"line":62,"column":50},"end":{"line":74,"column":3}},"line":62},"7":{"name":"(anonymous_7)","decl":{"start":{"line":72,"column":38},"end":{"line":72,"column":39}},"loc":{"start":{"line":72,"column":52},"end":{"line":72,"column":70}},"line":72},"8":{"name":"(anonymous_8)","decl":{"start":{"line":77,"column":2},"end":{"line":77,"column":3}},"loc":{"start":{"line":77,"column":36},"end":{"line":83,"column":3}},"line":77},"9":{"name":"(anonymous_9)","decl":{"start":{"line":81,"column":38},"end":{"line":81,"column":39}},"loc":{"start":{"line":81,"column":52},"end":{"line":81,"column":70}},"line":81},"10":{"name":"(anonymous_10)","decl":{"start":{"line":86,"column":2},"end":{"line":86,"column":3}},"loc":{"start":{"line":86,"column":40},"end":{"line":92,"column":3}},"line":86},"11":{"name":"(anonymous_11)","decl":{"start":{"line":90,"column":38},"end":{"line":90,"column":39}},"loc":{"start":{"line":90,"column":52},"end":{"line":90,"column":70}},"line":90},"12":{"name":"(anonymous_12)","decl":{"start":{"line":95,"column":2},"end":{"line":95,"column":3}},"loc":{"start":{"line":95,"column":36},"end":{"line":101,"column":3}},"line":95},"13":{"name":"(anonymous_13)","decl":{"start":{"line":99,"column":38},"end":{"line":99,"column":39}},"loc":{"start":{"line":99,"column":52},"end":{"line":99,"column":70}},"line":99},"14":{"name":"(anonymous_14)","decl":{"start":{"line":103,"column":2},"end":{"line":103,"column":3}},"loc":{"start":{"line":103,"column":62},"end":{"line":114,"column":3}},"line":103},"15":{"name":"(anonymous_15)","decl":{"start":{"line":116,"column":2},"end":{"line":116,"column":3}},"loc":{"start":{"line":116,"column":41},"end":{"line":142,"column":3}},"line":116},"16":{"name":"(anonymous_16)","decl":{"start":{"line":144,"column":2},"end":{"line":144,"column":3}},"loc":{"start":{"line":144,"column":33},"end":{"line":175,"column":3}},"line":144}},"branchMap":{"0":{"loc":{"start":{"line":38,"column":6},"end":{"line":40,"column":7}},"type":"if","locations":[{"start":{"line":38,"column":6},"end":{"line":40,"column":7}},{"start":{},"end":{}}],"line":38},"1":{"loc":{"start":{"line":54,"column":4},"end":{"line":56,"column":5}},"type":"if","locations":[{"start":{"line":54,"column":4},"end":{"line":56,"column":5}},{"start":{},"end":{}}],"line":54},"2":{"loc":{"start":{"line":68,"column":4},"end":{"line":70,"column":5}},"type":"if","locations":[{"start":{"line":68,"column":4},"end":{"line":70,"column":5}},{"start":{},"end":{}}],"line":68},"3":{"loc":{"start":{"line":109,"column":4},"end":{"line":111,"column":5}},"type":"if","locations":[{"start":{"line":109,"column":4},"end":{"line":111,"column":5}},{"start":{},"end":{}}],"line":109},"4":{"loc":{"start":{"line":137,"column":4},"end":{"line":139,"column":5}},"type":"if","locations":[{"start":{"line":137,"column":4},"end":{"line":139,"column":5}},{"start":{},"end":{}}],"line":137},"5":{"loc":{"start":{"line":151,"column":4},"end":{"line":153,"column":49}},"type":"cond-expr","locations":[{"start":{"line":152,"column":9},"end":{"line":152,"column":43}},{"start":{"line":153,"column":9},"end":{"line":153,"column":48}}],"line":151},"6":{"loc":{"start":{"line":154,"column":4},"end":{"line":156,"column":57}},"type":"cond-expr","locations":[{"start":{"line":155,"column":9},"end":{"line":155,"column":51}},{"start":{"line":156,"column":9},"end":{"line":156,"column":56}}],"line":154},"7":{"loc":{"start":{"line":157,"column":4},"end":{"line":159,"column":49}},"type":"cond-expr","locations":[{"start":{"line":158,"column":9},"end":{"line":158,"column":43}},{"start":{"line":159,"column":9},"end":{"line":159,"column":48}}],"line":157}},"s":{"0":3,"1":36,"2":36,"3":36,"4":36,"5":36,"6":36,"7":36,"8":1,"9":1,"10":1,"11":0,"12":2,"13":2,"14":2,"15":1,"16":1,"17":5,"18":1,"19":0,"20":2,"21":2,"22":1,"23":1,"24":1,"25":1,"26":2,"27":2,"28":1,"29":1,"30":4,"31":1,"32":1,"33":1,"34":7,"35":1,"36":1,"37":1,"38":7,"39":1,"40":1,"41":1,"42":7,"43":1,"44":3,"45":3,"46":1,"47":2,"48":1,"49":1,"50":1,"51":0,"52":1,"53":2,"54":2,"55":2,"56":2,"57":2,"58":2,"59":3},"f":{"0":36,"1":1,"2":2,"3":5,"4":2,"5":1,"6":2,"7":4,"8":1,"9":7,"10":1,"11":7,"12":1,"13":7,"14":3,"15":1,"16":2},"b":{"0":[1,1],"1":[1,1],"2":[1,1],"3":[1,2],"4":[0,1],"5":[1,1],"6":[0,2],"7":[0,2]},"_coverageSchema":"1a1c01bbd47fc00a2c39e90264f33305004495a9","hash":"8820ace1ff618aaf906193b635e755aabed3921d"}
,"C:\\Users\\11HuR\\Desktop\\Liskov\\lap3\\Lap-3-project\\server\\models\\Token.js": {"path":"C:\\Users\\11HuR\\Desktop\\Liskov\\lap3\\Lap-3-project\\server\\models\\Token.js","statementMap":{"0":{"start":{"line":1,"column":23},"end":{"line":1,"column":38}},"1":{"start":{"line":3,"column":11},"end":{"line":3,"column":35}},"2":{"start":{"line":7,"column":4},"end":{"line":7,"column":29}},"3":{"start":{"line":8,"column":4},"end":{"line":8,"column":27}},"4":{"start":{"line":9,"column":4},"end":{"line":9,"column":23}},"5":{"start":{"line":14,"column":18},"end":{"line":14,"column":26}},"6":{"start":{"line":15,"column":21},"end":{"line":18,"column":5}},"7":{"start":{"line":19,"column":18},"end":{"line":19,"column":43}},"8":{"start":{"line":20,"column":21},"end":{"line":20,"column":50}},"9":{"start":{"line":21,"column":4},"end":{"line":21,"column":20}},"10":{"start":{"line":25,"column":21},"end":{"line":27,"column":6}},"11":{"start":{"line":28,"column":4},"end":{"line":32,"column":5}},"12":{"start":{"line":29,"column":6},"end":{"line":29,"column":49}},"13":{"start":{"line":31,"column":6},"end":{"line":31,"column":41}},"14":{"start":{"line":36,"column":21},"end":{"line":38,"column":6}},"15":{"start":{"line":39,"column":4},"end":{"line":43,"column":5}},"16":{"start":{"line":40,"column":6},"end":{"line":40,"column":49}},"17":{"start":{"line":42,"column":6},"end":{"line":42,"column":41}},"18":{"start":{"line":48,"column":21},"end":{"line":48,"column":91}},"19":{"start":{"line":49,"column":4},"end":{"line":49,"column":38}},"20":{"start":{"line":54,"column":21},"end":{"line":54,"column":91}},"21":{"start":{"line":55,"column":4},"end":{"line":55,"column":45}},"22":{"start":{"line":60,"column":4},"end":{"line":60,"column":71}},"23":{"start":{"line":61,"column":4},"end":{"line":61,"column":27}},"24":{"start":{"line":65,"column":0},"end":{"line":65,"column":23}}},"fnMap":{"0":{"name":"(anonymous_0)","decl":{"start":{"line":6,"column":2},"end":{"line":6,"column":3}},"loc":{"start":{"line":6,"column":44},"end":{"line":10,"column":3}},"line":6},"1":{"name":"(anonymous_1)","decl":{"start":{"line":12,"column":2},"end":{"line":12,"column":3}},"loc":{"start":{"line":12,"column":26},"end":{"line":22,"column":3}},"line":12},"2":{"name":"(anonymous_2)","decl":{"start":{"line":24,"column":2},"end":{"line":24,"column":3}},"loc":{"start":{"line":24,"column":30},"end":{"line":33,"column":3}},"line":24},"3":{"name":"(anonymous_3)","decl":{"start":{"line":35,"column":2},"end":{"line":35,"column":3}},"loc":{"start":{"line":35,"column":36},"end":{"line":44,"column":3}},"line":35},"4":{"name":"(anonymous_4)","decl":{"start":{"line":47,"column":2},"end":{"line":47,"column":3}},"loc":{"start":{"line":47,"column":39},"end":{"line":50,"column":3}},"line":47},"5":{"name":"(anonymous_5)","decl":{"start":{"line":53,"column":2},"end":{"line":53,"column":3}},"loc":{"start":{"line":53,"column":43},"end":{"line":56,"column":3}},"line":53},"6":{"name":"(anonymous_6)","decl":{"start":{"line":59,"column":2},"end":{"line":59,"column":3}},"loc":{"start":{"line":59,"column":22},"end":{"line":62,"column":3}},"line":59}},"branchMap":{"0":{"loc":{"start":{"line":28,"column":4},"end":{"line":32,"column":5}},"type":"if","locations":[{"start":{"line":28,"column":4},"end":{"line":32,"column":5}},{"start":{"line":30,"column":11},"end":{"line":32,"column":5}}],"line":28},"1":{"loc":{"start":{"line":39,"column":4},"end":{"line":43,"column":5}},"type":"if","locations":[{"start":{"line":39,"column":4},"end":{"line":43,"column":5}},{"start":{"line":41,"column":11},"end":{"line":43,"column":5}}],"line":39},"2":{"loc":{"start":{"line":55,"column":11},"end":{"line":55,"column":44}},"type":"binary-expr","locations":[{"start":{"line":55,"column":11},"end":{"line":55,"column":36}},{"start":{"line":55,"column":40},"end":{"line":55,"column":44}}],"line":55}},"s":{"0":3,"1":3,"2":28,"3":28,"4":28,"5":5,"6":5,"7":5,"8":5,"9":5,"10":5,"11":5,"12":0,"13":5,"14":23,"15":23,"16":0,"17":23,"18":22,"19":22,"20":0,"21":0,"22":1,"23":1,"24":3},"f":{"0":28,"1":5,"2":5,"3":23,"4":22,"5":0,"6":1},"b":{"0":[0,5],"1":[0,23],"2":[0,0]},"_coverageSchema":"1a1c01bbd47fc00a2c39e90264f33305004495a9","hash":"3a4843ec9e7eea34763b293fed3f96b351556f13"}
,"C:\\Users\\11HuR\\Desktop\\Liskov\\lap3\\Lap-3-project\\server\\models\\User.js": {"path":"C:\\Users\\11HuR\\Desktop\\Liskov\\lap3\\Lap-3-project\\server\\models\\User.js","statementMap":{"0":{"start":{"line":1,"column":11},"end":{"line":1,"column":35}},"1":{"start":{"line":5,"column":4},"end":{"line":5,"column":27}},"2":{"start":{"line":6,"column":4},"end":{"line":6,"column":29}},"3":{"start":{"line":7,"column":4},"end":{"line":7,"column":23}},"4":{"start":{"line":8,"column":4},"end":{"line":8,"column":29}},"5":{"start":{"line":9,"column":4},"end":{"line":9,"column":38}},"6":{"start":{"line":10,"column":4},"end":{"line":10,"column":33}},"7":{"start":{"line":11,"column":4},"end":{"line":11,"column":25}},"8":{"start":{"line":17,"column":21},"end":{"line":19,"column":6}},"9":{"start":{"line":20,"column":4},"end":{"line":22,"column":5}},"10":{"start":{"line":21,"column":6},"end":{"line":21,"column":48}},"11":{"start":{"line":23,"column":4},"end":{"line":23,"column":38}},"12":{"start":{"line":28,"column":21},"end":{"line":30,"column":6}},"13":{"start":{"line":31,"column":4},"end":{"line":33,"column":5}},"14":{"start":{"line":32,"column":6},"end":{"line":32,"column":48}},"15":{"start":{"line":34,"column":4},"end":{"line":34,"column":38}},"16":{"start":{"line":39,"column":42},"end":{"line":39,"column":46}},"17":{"start":{"line":41,"column":19},"end":{"line":44,"column":5}},"18":{"start":{"line":46,"column":18},"end":{"line":46,"column":42}},"19":{"start":{"line":48,"column":31},"end":{"line":51,"column":5}},"20":{"start":{"line":53,"column":4},"end":{"line":58,"column":5}},"21":{"start":{"line":54,"column":6},"end":{"line":54,"column":49}},"22":{"start":{"line":56,"column":22},"end":{"line":56,"column":50}},"23":{"start":{"line":57,"column":6},"end":{"line":57,"column":21}},"24":{"start":{"line":62,"column":17},"end":{"line":62,"column":27}},"25":{"start":{"line":65,"column":16},"end":{"line":65,"column":78}},"26":{"start":{"line":67,"column":4},"end":{"line":73,"column":5}},"27":{"start":{"line":68,"column":6},"end":{"line":68,"column":27}},"28":{"start":{"line":69,"column":11},"end":{"line":73,"column":5}},"29":{"start":{"line":70,"column":6},"end":{"line":70,"column":31}},"30":{"start":{"line":72,"column":6},"end":{"line":72,"column":17}},"31":{"start":{"line":75,"column":21},"end":{"line":78,"column":5}},"32":{"start":{"line":80,"column":4},"end":{"line":85,"column":5}},"33":{"start":{"line":81,"column":6},"end":{"line":81,"column":49}},"34":{"start":{"line":83,"column":22},"end":{"line":83,"column":57}},"35":{"start":{"line":84,"column":6},"end":{"line":84,"column":21}},"36":{"start":{"line":90,"column":25},"end":{"line":93,"column":5}},"37":{"start":{"line":95,"column":33},"end":{"line":98,"column":5}},"38":{"start":{"line":100,"column":26},"end":{"line":103,"column":5}},"39":{"start":{"line":105,"column":21},"end":{"line":108,"column":5}},"40":{"start":{"line":110,"column":4},"end":{"line":112,"column":5}},"41":{"start":{"line":111,"column":6},"end":{"line":111,"column":64}},"42":{"start":{"line":114,"column":4},"end":{"line":116,"column":5}},"43":{"start":{"line":115,"column":6},"end":{"line":115,"column":64}},"44":{"start":{"line":118,"column":4},"end":{"line":118,"column":38}},"45":{"start":{"line":124,"column":0},"end":{"line":124,"column":22}}},"fnMap":{"0":{"name":"(anonymous_0)","decl":{"start":{"line":4,"column":2},"end":{"line":4,"column":3}},"loc":{"start":{"line":4,"column":88},"end":{"line":12,"column":3}},"line":4},"1":{"name":"(anonymous_1)","decl":{"start":{"line":16,"column":2},"end":{"line":16,"column":3}},"loc":{"start":{"line":16,"column":30},"end":{"line":24,"column":3}},"line":16},"2":{"name":"(anonymous_2)","decl":{"start":{"line":27,"column":2},"end":{"line":27,"column":3}},"loc":{"start":{"line":27,"column":42},"end":{"line":35,"column":3}},"line":27},"3":{"name":"(anonymous_3)","decl":{"start":{"line":38,"column":2},"end":{"line":38,"column":3}},"loc":{"start":{"line":38,"column":28},"end":{"line":59,"column":3}},"line":38},"4":{"name":"(anonymous_4)","decl":{"start":{"line":61,"column":2},"end":{"line":61,"column":3}},"loc":{"start":{"line":61,"column":21},"end":{"line":86,"column":3}},"line":61},"5":{"name":"(anonymous_5)","decl":{"start":{"line":88,"column":2},"end":{"line":88,"column":3}},"loc":{"start":{"line":88,"column":21},"end":{"line":119,"column":3}},"line":88}},"branchMap":{"0":{"loc":{"start":{"line":20,"column":4},"end":{"line":22,"column":5}},"type":"if","locations":[{"start":{"line":20,"column":4},"end":{"line":22,"column":5}},{"start":{},"end":{}}],"line":20},"1":{"loc":{"start":{"line":31,"column":4},"end":{"line":33,"column":5}},"type":"if","locations":[{"start":{"line":31,"column":4},"end":{"line":33,"column":5}},{"start":{},"end":{}}],"line":31},"2":{"loc":{"start":{"line":53,"column":4},"end":{"line":58,"column":5}},"type":"if","locations":[{"start":{"line":53,"column":4},"end":{"line":58,"column":5}},{"start":{"line":55,"column":11},"end":{"line":58,"column":5}}],"line":53},"3":{"loc":{"start":{"line":65,"column":16},"end":{"line":65,"column":78}},"type":"cond-expr","locations":[{"start":{"line":65,"column":56},"end":{"line":65,"column":71}},{"start":{"line":65,"column":74},"end":{"line":65,"column":78}}],"line":65},"4":{"loc":{"start":{"line":67,"column":4},"end":{"line":73,"column":5}},"type":"if","locations":[{"start":{"line":67,"column":4},"end":{"line":73,"column":5}},{"start":{"line":69,"column":11},"end":{"line":73,"column":5}}],"line":67},"5":{"loc":{"start":{"line":69,"column":11},"end":{"line":73,"column":5}},"type":"if","locations":[{"start":{"line":69,"column":11},"end":{"line":73,"column":5}},{"start":{"line":71,"column":11},"end":{"line":73,"column":5}}],"line":69},"6":{"loc":{"start":{"line":80,"column":4},"end":{"line":85,"column":5}},"type":"if","locations":[{"start":{"line":80,"column":4},"end":{"line":85,"column":5}},{"start":{"line":82,"column":11},"end":{"line":85,"column":5}}],"line":80},"7":{"loc":{"start":{"line":110,"column":4},"end":{"line":112,"column":5}},"type":"if","locations":[{"start":{"line":110,"column":4},"end":{"line":112,"column":5}},{"start":{},"end":{}}],"line":110},"8":{"loc":{"start":{"line":114,"column":4},"end":{"line":116,"column":5}},"type":"if","locations":[{"start":{"line":114,"column":4},"end":{"line":116,"column":5}},{"start":{},"end":{}}],"line":114}},"s":{"0":3,"1":16,"2":16,"3":16,"4":16,"5":16,"6":16,"7":16,"8":10,"9":10,"10":0,"11":10,"12":7,"13":7,"14":2,"15":5,"16":3,"17":3,"18":3,"19":3,"20":3,"21":0,"22":3,"23":3,"24":5,"25":5,"26":5,"27":5,"28":0,"29":0,"30":0,"31":5,"32":5,"33":0,"34":5,"35":5,"36":1,"37":1,"38":1,"39":1,"40":1,"41":0,"42":1,"43":0,"44":1,"45":3},"f":{"0":16,"1":10,"2":7,"3":3,"4":5,"5":1},"b":{"0":[0,10],"1":[2,5],"2":[0,3],"3":[5,0],"4":[5,0],"5":[0,0],"6":[0,5],"7":[0,1],"8":[0,1]},"_coverageSchema":"1a1c01bbd47fc00a2c39e90264f33305004495a9","hash":"6a67fbef470493f6ed6c5f6a9fb50b1554acd22f"}
,"C:\\Users\\11HuR\\Desktop\\Liskov\\lap3\\Lap-3-project\\server\\routers\\leaderboard.js": {"path":"C:\\Users\\11HuR\\Desktop\\Liskov\\lap3\\Lap-3-project\\server\\routers\\leaderboard.js","statementMap":{"0":{"start":{"line":1,"column":19},"end":{"line":1,"column":37}},"1":{"start":{"line":2,"column":26},"end":{"line":2,"column":34}},"2":{"start":{"line":3,"column":24},"end":{"line":3,"column":62}},"3":{"start":{"line":5,"column":30},"end":{"line":5,"column":67}},"4":{"start":{"line":8,"column":0},"end":{"line":8,"column":56}},"5":{"start":{"line":11,"column":0},"end":{"line":11,"column":39}},"6":{"start":{"line":13,"column":0},"end":{"line":13,"column":63}},"7":{"start":{"line":15,"column":0},"end":{"line":15,"column":63}},"8":{"start":{"line":18,"column":0},"end":{"line":18,"column":69}},"9":{"start":{"line":21,"column":0},"end":{"line":21,"column":35}}},"fnMap":{},"branchMap":{},"s":{"0":3,"1":3,"2":3,"3":3,"4":3,"5":3,"6":3,"7":3,"8":3,"9":3},"f":{},"b":{},"_coverageSchema":"1a1c01bbd47fc00a2c39e90264f33305004495a9","hash":"93d7dc492c589135374f38f5aa96c0aeb73311cc"}
,"C:\\Users\\11HuR\\Desktop\\Liskov\\lap3\\Lap-3-project\\server\\routers\\quiz.js": {"path":"C:\\Users\\11HuR\\Desktop\\Liskov\\lap3\\Lap-3-project\\server\\routers\\quiz.js","statementMap":{"0":{"start":{"line":1,"column":19},"end":{"line":1,"column":37}},"1":{"start":{"line":2,"column":24},"end":{"line":2,"column":62}},"2":{"start":{"line":3,"column":23},"end":{"line":3,"column":53}},"3":{"start":{"line":5,"column":19},"end":{"line":5,"column":27}},"4":{"start":{"line":8,"column":0},"end":{"line":8,"column":58}},"5":{"start":{"line":12,"column":0},"end":{"line":12,"column":66}},"6":{"start":{"line":15,"column":0},"end":{"line":19,"column":2}},"7":{"start":{"line":21,"column":0},"end":{"line":25,"column":2}},"8":{"start":{"line":26,"column":0},"end":{"line":30,"column":2}},"9":{"start":{"line":31,"column":0},"end":{"line":35,"column":2}},"10":{"start":{"line":38,"column":0},"end":{"line":42,"column":2}},"11":{"start":{"line":45,"column":0},"end":{"line":45,"column":73}},"12":{"start":{"line":48,"column":0},"end":{"line":48,"column":74}},"13":{"start":{"line":52,"column":0},"end":{"line":52,"column":72}},"14":{"start":{"line":54,"column":0},"end":{"line":54,"column":28}}},"fnMap":{},"branchMap":{},"s":{"0":3,"1":3,"2":3,"3":3,"4":3,"5":3,"6":3,"7":3,"8":3,"9":3,"10":3,"11":3,"12":3,"13":3,"14":3},"f":{},"b":{},"_coverageSchema":"1a1c01bbd47fc00a2c39e90264f33305004495a9","hash":"7b20aea0b3620e103fbdfa0b3f635ae4fdbeee18"}
,"C:\\Users\\11HuR\\Desktop\\Liskov\\lap3\\Lap-3-project\\server\\routers\\user.js": {"path":"C:\\Users\\11HuR\\Desktop\\Liskov\\lap3\\Lap-3-project\\server\\routers\\user.js","statementMap":{"0":{"start":{"line":1,"column":19},"end":{"line":1,"column":37}},"1":{"start":{"line":2,"column":19},"end":{"line":2,"column":27}},"2":{"start":{"line":4,"column":24},"end":{"line":4,"column":62}},"3":{"start":{"line":5,"column":23},"end":{"line":5,"column":53}},"4":{"start":{"line":7,"column":0},"end":{"line":7,"column":54}},"5":{"start":{"line":8,"column":0},"end":{"line":8,"column":48}},"6":{"start":{"line":10,"column":0},"end":{"line":10,"column":32}},"7":{"start":{"line":11,"column":0},"end":{"line":11,"column":44}},"8":{"start":{"line":12,"column":0},"end":{"line":12,"column":52}},"9":{"start":{"line":13,"column":0},"end":{"line":13,"column":55}},"10":{"start":{"line":15,"column":0},"end":{"line":15,"column":28}}},"fnMap":{},"branchMap":{},"s":{"0":3,"1":3,"2":3,"3":3,"4":3,"5":3,"6":3,"7":3,"8":3,"9":3,"10":3},"f":{},"b":{},"_coverageSchema":"1a1c01bbd47fc00a2c39e90264f33305004495a9","hash":"fd634db919482c313df76c3e222f33edd04660e0"}
}
