{"C:\\Users\\alex_\\OneDrive\\LaFosse\\LAP3\\Project\\Lap-3-project\\server\\app.js": {"path":"C:\\Users\\alex_\\OneDrive\\LaFosse\\LAP3\\Project\\Lap-3-project\\server\\app.js","statementMap":{"0":{"start":{"line":1,"column":16},"end":{"line":1,"column":34}},"1":{"start":{"line":2,"column":13},"end":{"line":2,"column":28}},"2":{"start":{"line":4,"column":18},"end":{"line":4,"column":48}},"3":{"start":{"line":5,"column":19},"end":{"line":5,"column":44}},"4":{"start":{"line":6,"column":26},"end":{"line":6,"column":58}},"5":{"start":{"line":7,"column":19},"end":{"line":7,"column":44}},"6":{"start":{"line":10,"column":12},"end":{"line":10,"column":21}},"7":{"start":{"line":11,"column":0},"end":{"line":11,"column":16}},"8":{"start":{"line":12,"column":0},"end":{"line":12,"column":24}},"9":{"start":{"line":13,"column":0},"end":{"line":13,"column":19}},"10":{"start":{"line":15,"column":0},"end":{"line":17,"column":3}},"11":{"start":{"line":16,"column":2},"end":{"line":16,"column":33}},"12":{"start":{"line":19,"column":0},"end":{"line":19,"column":30}},"13":{"start":{"line":20,"column":0},"end":{"line":20,"column":44}},"14":{"start":{"line":21,"column":0},"end":{"line":21,"column":31}},"15":{"start":{"line":23,"column":0},"end":{"line":23,"column":21}}},"fnMap":{"0":{"name":"(anonymous_0)","decl":{"start":{"line":15,"column":13},"end":{"line":15,"column":14}},"loc":{"start":{"line":15,"column":27},"end":{"line":17,"column":1}},"line":15}},"branchMap":{},"s":{"0":3,"1":3,"2":3,"3":3,"4":3,"5":3,"6":3,"7":3,"8":3,"9":3,"10":3,"11":0,"12":3,"13":3,"14":3,"15":3},"f":{"0":0},"b":{},"_coverageSchema":"1a1c01bbd47fc00a2c39e90264f33305004495a9","hash":"906b136d01872831da78b0e62902662d4d6f97b5"}
,"C:\\Users\\alex_\\OneDrive\\LaFosse\\LAP3\\Project\\Lap-3-project\\server\\__test__\\mock\\database\\setup.js": {"path":"C:\\Users\\alex_\\OneDrive\\LaFosse\\LAP3\\Project\\Lap-3-project\\server\\__test__\\mock\\database\\setup.js","statementMap":{"0":{"start":{"line":1,"column":0},"end":{"line":1,"column":27}},"1":{"start":{"line":2,"column":11},"end":{"line":2,"column":24}},"2":{"start":{"line":3,"column":13},"end":{"line":3,"column":28}},"3":{"start":{"line":4,"column":17},"end":{"line":4,"column":30}},"4":{"start":{"line":6,"column":20},"end":{"line":18,"column":1}},"5":{"start":{"line":7,"column":13},"end":{"line":9,"column":4}},"6":{"start":{"line":10,"column":14},"end":{"line":10,"column":75}},"7":{"start":{"line":11,"column":2},"end":{"line":17,"column":3}},"8":{"start":{"line":12,"column":4},"end":{"line":12,"column":24}},"9":{"start":{"line":13,"column":4},"end":{"line":13,"column":13}},"10":{"start":{"line":14,"column":4},"end":{"line":14,"column":46}},"11":{"start":{"line":16,"column":4},"end":{"line":16,"column":23}},"12":{"start":{"line":20,"column":0},"end":{"line":20,"column":29}}},"fnMap":{"0":{"name":"(anonymous_0)","decl":{"start":{"line":6,"column":20},"end":{"line":6,"column":21}},"loc":{"start":{"line":6,"column":32},"end":{"line":18,"column":1}},"line":6}},"branchMap":{},"s":{"0":3,"1":3,"2":3,"3":3,"4":3,"5":3,"6":3,"7":3,"8":3,"9":3,"10":3,"11":0,"12":3},"f":{"0":3},"b":{},"_coverageSchema":"1a1c01bbd47fc00a2c39e90264f33305004495a9","hash":"73e5e4b854135a8637550f41278735b35cda2a9b"}
,"C:\\Users\\alex_\\OneDrive\\LaFosse\\LAP3\\Project\\Lap-3-project\\server\\controllers\\leaderboard.js": {"path":"C:\\Users\\alex_\\OneDrive\\LaFosse\\LAP3\\Project\\Lap-3-project\\server\\controllers\\leaderboard.js","statementMap":{"0":{"start":{"line":1,"column":20},"end":{"line":1,"column":52}},"1":{"start":{"line":4,"column":2},"end":{"line":9,"column":3}},"2":{"start":{"line":5,"column":19},"end":{"line":5,"column":63}},"3":{"start":{"line":6,"column":4},"end":{"line":6,"column":33}},"4":{"start":{"line":8,"column":4},"end":{"line":8,"column":49}},"5":{"start":{"line":13,"column":2},"end":{"line":21,"column":3}},"6":{"start":{"line":14,"column":25},"end":{"line":14,"column":49}},"7":{"start":{"line":15,"column":19},"end":{"line":17,"column":5}},"8":{"start":{"line":18,"column":4},"end":{"line":18,"column":33}},"9":{"start":{"line":20,"column":4},"end":{"line":20,"column":49}},"10":{"start":{"line":25,"column":2},"end":{"line":31,"column":3}},"11":{"start":{"line":26,"column":15},"end":{"line":26,"column":33}},"12":{"start":{"line":27,"column":19},"end":{"line":27,"column":63}},"13":{"start":{"line":28,"column":4},"end":{"line":28,"column":33}},"14":{"start":{"line":30,"column":4},"end":{"line":30,"column":49}},"15":{"start":{"line":35,"column":13},"end":{"line":35,"column":31}},"16":{"start":{"line":36,"column":20},"end":{"line":36,"column":28}},"17":{"start":{"line":37,"column":2},"end":{"line":43,"column":3}},"18":{"start":{"line":38,"column":26},"end":{"line":38,"column":70}},"19":{"start":{"line":39,"column":19},"end":{"line":39,"column":72}},"20":{"start":{"line":40,"column":4},"end":{"line":40,"column":72}},"21":{"start":{"line":42,"column":4},"end":{"line":42,"column":49}},"22":{"start":{"line":46,"column":0},"end":{"line":51,"column":2}}},"fnMap":{"0":{"name":"index","decl":{"start":{"line":3,"column":15},"end":{"line":3,"column":20}},"loc":{"start":{"line":3,"column":31},"end":{"line":10,"column":1}},"line":3},"1":{"name":"show","decl":{"start":{"line":12,"column":15},"end":{"line":12,"column":19}},"loc":{"start":{"line":12,"column":30},"end":{"line":22,"column":1}},"line":12},"2":{"name":"showUser","decl":{"start":{"line":24,"column":15},"end":{"line":24,"column":23}},"loc":{"start":{"line":24,"column":34},"end":{"line":32,"column":1}},"line":24},"3":{"name":"update","decl":{"start":{"line":34,"column":15},"end":{"line":34,"column":21}},"loc":{"start":{"line":34,"column":32},"end":{"line":44,"column":1}},"line":34}},"branchMap":{},"s":{"0":3,"1":1,"2":1,"3":1,"4":0,"5":2,"6":2,"7":2,"8":1,"9":1,"10":2,"11":2,"12":2,"13":1,"14":1,"15":2,"16":2,"17":2,"18":2,"19":1,"20":1,"21":1,"22":3},"f":{"0":1,"1":2,"2":2,"3":2},"b":{},"_coverageSchema":"1a1c01bbd47fc00a2c39e90264f33305004495a9","hash":"c47c279d6a7f03b660abebdd38e946c081af532e"}
,"C:\\Users\\alex_\\OneDrive\\LaFosse\\LAP3\\Project\\Lap-3-project\\server\\controllers\\quiz.js": {"path":"C:\\Users\\alex_\\OneDrive\\LaFosse\\LAP3\\Project\\Lap-3-project\\server\\controllers\\quiz.js","statementMap":{"0":{"start":{"line":1,"column":13},"end":{"line":1,"column":38}},"1":{"start":{"line":2,"column":13},"end":{"line":2,"column":38}},"2":{"start":{"line":3,"column":20},"end":{"line":3,"column":52}},"3":{"start":{"line":6,"column":2},"end":{"line":11,"column":3}},"4":{"start":{"line":7,"column":20},"end":{"line":7,"column":46}},"5":{"start":{"line":8,"column":4},"end":{"line":8,"column":34}},"6":{"start":{"line":10,"column":4},"end":{"line":10,"column":64}},"7":{"start":{"line":14,"column":2},"end":{"line":23,"column":3}},"8":{"start":{"line":15,"column":20},"end":{"line":15,"column":33}},"9":{"start":{"line":16,"column":17},"end":{"line":16,"column":52}},"10":{"start":{"line":17,"column":4},"end":{"line":19,"column":5}},"11":{"start":{"line":18,"column":6},"end":{"line":18,"column":64}},"12":{"start":{"line":20,"column":4},"end":{"line":20,"column":31}},"13":{"start":{"line":22,"column":4},"end":{"line":22,"column":65}},"14":{"start":{"line":27,"column":2},"end":{"line":33,"column":3}},"15":{"start":{"line":28,"column":20},"end":{"line":28,"column":33}},"16":{"start":{"line":29,"column":20},"end":{"line":29,"column":61}},"17":{"start":{"line":30,"column":4},"end":{"line":30,"column":34}},"18":{"start":{"line":32,"column":4},"end":{"line":32,"column":49}},"19":{"start":{"line":38,"column":2},"end":{"line":44,"column":3}},"20":{"start":{"line":39,"column":23},"end":{"line":39,"column":44}},"21":{"start":{"line":40,"column":20},"end":{"line":40,"column":65}},"22":{"start":{"line":41,"column":4},"end":{"line":41,"column":34}},"23":{"start":{"line":43,"column":4},"end":{"line":43,"column":49}},"24":{"start":{"line":49,"column":2},"end":{"line":55,"column":3}},"25":{"start":{"line":50,"column":20},"end":{"line":50,"column":51}},"26":{"start":{"line":51,"column":4},"end":{"line":51,"column":25}},"27":{"start":{"line":52,"column":4},"end":{"line":52,"column":34}},"28":{"start":{"line":54,"column":4},"end":{"line":54,"column":49}},"29":{"start":{"line":60,"column":2},"end":{"line":65,"column":3}},"30":{"start":{"line":61,"column":20},"end":{"line":61,"column":55}},"31":{"start":{"line":62,"column":4},"end":{"line":62,"column":34}},"32":{"start":{"line":64,"column":4},"end":{"line":64,"column":49}},"33":{"start":{"line":70,"column":2},"end":{"line":75,"column":3}},"34":{"start":{"line":71,"column":20},"end":{"line":71,"column":51}},"35":{"start":{"line":72,"column":4},"end":{"line":72,"column":34}},"36":{"start":{"line":74,"column":4},"end":{"line":74,"column":49}},"37":{"start":{"line":79,"column":2},"end":{"line":85,"column":3}},"38":{"start":{"line":80,"column":41},"end":{"line":80,"column":51}},"39":{"start":{"line":81,"column":21},"end":{"line":81,"column":78}},"40":{"start":{"line":82,"column":4},"end":{"line":82,"column":35}},"41":{"start":{"line":84,"column":4},"end":{"line":84,"column":49}},"42":{"start":{"line":89,"column":2},"end":{"line":96,"column":3}},"43":{"start":{"line":90,"column":17},"end":{"line":90,"column":25}},"44":{"start":{"line":91,"column":21},"end":{"line":91,"column":48}},"45":{"start":{"line":92,"column":30},"end":{"line":92,"column":76}},"46":{"start":{"line":93,"column":4},"end":{"line":93,"column":35}},"47":{"start":{"line":95,"column":4},"end":{"line":95,"column":64}},"48":{"start":{"line":100,"column":2},"end":{"line":115,"column":3}},"49":{"start":{"line":101,"column":19},"end":{"line":101,"column":37}},"50":{"start":{"line":102,"column":17},"end":{"line":102,"column":25}},"51":{"start":{"line":103,"column":21},"end":{"line":107,"column":5}},"52":{"start":{"line":108,"column":29},"end":{"line":108,"column":68}},"53":{"start":{"line":109,"column":30},"end":{"line":111,"column":5}},"54":{"start":{"line":112,"column":4},"end":{"line":112,"column":43}},"55":{"start":{"line":114,"column":4},"end":{"line":114,"column":64}},"56":{"start":{"line":118,"column":0},"end":{"line":129,"column":2}}},"fnMap":{"0":{"name":"show","decl":{"start":{"line":5,"column":15},"end":{"line":5,"column":19}},"loc":{"start":{"line":5,"column":30},"end":{"line":12,"column":1}},"line":5},"1":{"name":"getQuizByQuizId","decl":{"start":{"line":13,"column":15},"end":{"line":13,"column":30}},"loc":{"start":{"line":13,"column":41},"end":{"line":24,"column":1}},"line":13},"2":{"name":"showById","decl":{"start":{"line":26,"column":15},"end":{"line":26,"column":23}},"loc":{"start":{"line":26,"column":34},"end":{"line":34,"column":1}},"line":26},"3":{"name":"showByLanguageId","decl":{"start":{"line":37,"column":15},"end":{"line":37,"column":31}},"loc":{"start":{"line":37,"column":42},"end":{"line":45,"column":1}},"line":37},"4":{"name":"getBeginnerQuizzes","decl":{"start":{"line":48,"column":15},"end":{"line":48,"column":33}},"loc":{"start":{"line":48,"column":44},"end":{"line":56,"column":1}},"line":48},"5":{"name":"getIntermediateQuizzes","decl":{"start":{"line":59,"column":15},"end":{"line":59,"column":37}},"loc":{"start":{"line":59,"column":48},"end":{"line":66,"column":1}},"line":59},"6":{"name":"getAdvancedQuizzes","decl":{"start":{"line":69,"column":15},"end":{"line":69,"column":33}},"loc":{"start":{"line":69,"column":44},"end":{"line":76,"column":1}},"line":69},"7":{"name":"getAllInfo","decl":{"start":{"line":78,"column":15},"end":{"line":78,"column":25}},"loc":{"start":{"line":78,"column":36},"end":{"line":86,"column":1}},"line":78},"8":{"name":"createQuizInstance","decl":{"start":{"line":88,"column":15},"end":{"line":88,"column":33}},"loc":{"start":{"line":88,"column":44},"end":{"line":97,"column":1}},"line":88},"9":{"name":"updateQuizInstance","decl":{"start":{"line":99,"column":15},"end":{"line":99,"column":33}},"loc":{"start":{"line":99,"column":44},"end":{"line":116,"column":1}},"line":99}},"branchMap":{"0":{"loc":{"start":{"line":17,"column":4},"end":{"line":19,"column":5}},"type":"if","locations":[{"start":{"line":17,"column":4},"end":{"line":19,"column":5}},{"start":{},"end":{}}],"line":17}},"s":{"0":3,"1":3,"2":3,"3":1,"4":1,"5":1,"6":0,"7":2,"8":2,"9":2,"10":2,"11":1,"12":1,"13":0,"14":2,"15":2,"16":2,"17":1,"18":1,"19":2,"20":2,"21":2,"22":1,"23":1,"24":1,"25":1,"26":1,"27":1,"28":0,"29":1,"30":1,"31":1,"32":0,"33":1,"34":1,"35":1,"36":0,"37":2,"38":2,"39":2,"40":1,"41":1,"42":1,"43":1,"44":1,"45":1,"46":1,"47":0,"48":3,"49":3,"50":3,"51":3,"52":2,"53":2,"54":2,"55":1,"56":3},"f":{"0":1,"1":2,"2":2,"3":2,"4":1,"5":1,"6":1,"7":2,"8":1,"9":3},"b":{"0":[1,1]},"_coverageSchema":"1a1c01bbd47fc00a2c39e90264f33305004495a9","hash":"107b0e09ed6ee9258c799de27181999734eaa3a9"}
,"C:\\Users\\alex_\\OneDrive\\LaFosse\\LAP3\\Project\\Lap-3-project\\server\\controllers\\user.js": {"path":"C:\\Users\\alex_\\OneDrive\\LaFosse\\LAP3\\Project\\Lap-3-project\\server\\controllers\\user.js","statementMap":{"0":{"start":{"line":1,"column":13},"end":{"line":1,"column":38}},"1":{"start":{"line":2,"column":15},"end":{"line":2,"column":32}},"2":{"start":{"line":3,"column":14},"end":{"line":3,"column":40}},"3":{"start":{"line":6,"column":2},"end":{"line":20,"column":3}},"4":{"start":{"line":7,"column":17},"end":{"line":7,"column":25}},"5":{"start":{"line":10,"column":17},"end":{"line":10,"column":79}},"6":{"start":{"line":13,"column":4},"end":{"line":13,"column":65}},"7":{"start":{"line":15,"column":19},"end":{"line":15,"column":42}},"8":{"start":{"line":17,"column":4},"end":{"line":17,"column":33}},"9":{"start":{"line":19,"column":4},"end":{"line":19,"column":49}},"10":{"start":{"line":24,"column":15},"end":{"line":24,"column":23}},"11":{"start":{"line":25,"column":2},"end":{"line":40,"column":3}},"12":{"start":{"line":26,"column":17},"end":{"line":26,"column":59}},"13":{"start":{"line":27,"column":4},"end":{"line":27,"column":22}},"14":{"start":{"line":28,"column":4},"end":{"line":28,"column":30}},"15":{"start":{"line":29,"column":26},"end":{"line":29,"column":79}},"16":{"start":{"line":30,"column":4},"end":{"line":30,"column":48}},"17":{"start":{"line":31,"column":4},"end":{"line":37,"column":5}},"18":{"start":{"line":32,"column":6},"end":{"line":32,"column":48}},"19":{"start":{"line":35,"column":20},"end":{"line":35,"column":52}},"20":{"start":{"line":36,"column":6},"end":{"line":36,"column":59}},"21":{"start":{"line":39,"column":4},"end":{"line":39,"column":49}},"22":{"start":{"line":43,"column":0},"end":{"line":46,"column":2}}},"fnMap":{"0":{"name":"register","decl":{"start":{"line":5,"column":15},"end":{"line":5,"column":23}},"loc":{"start":{"line":5,"column":34},"end":{"line":21,"column":1}},"line":5},"1":{"name":"login","decl":{"start":{"line":23,"column":15},"end":{"line":23,"column":20}},"loc":{"start":{"line":23,"column":31},"end":{"line":41,"column":1}},"line":23}},"branchMap":{"0":{"loc":{"start":{"line":31,"column":4},"end":{"line":37,"column":5}},"type":"if","locations":[{"start":{"line":31,"column":4},"end":{"line":37,"column":5}},{"start":{"line":33,"column":11},"end":{"line":37,"column":5}}],"line":31}},"s":{"0":3,"1":3,"2":3,"3":3,"4":3,"5":3,"6":3,"7":3,"8":3,"9":0,"10":6,"11":6,"12":6,"13":4,"14":4,"15":4,"16":4,"17":4,"18":0,"19":4,"20":4,"21":2,"22":3},"f":{"0":3,"1":6},"b":{"0":[0,4]},"_coverageSchema":"1a1c01bbd47fc00a2c39e90264f33305004495a9","hash":"e0127bd58045e944a190e37edaa5c4f7c07a17c6"}
,"C:\\Users\\alex_\\OneDrive\\LaFosse\\LAP3\\Project\\Lap-3-project\\server\\db\\connect.js": {"path":"C:\\Users\\alex_\\OneDrive\\LaFosse\\LAP3\\Project\\Lap-3-project\\server\\db\\connect.js","statementMap":{"0":{"start":{"line":1,"column":0},"end":{"line":1,"column":27}},"1":{"start":{"line":2,"column":17},"end":{"line":2,"column":30}},"2":{"start":{"line":4,"column":11},"end":{"line":6,"column":2}},"3":{"start":{"line":8,"column":0},"end":{"line":8,"column":50}},"4":{"start":{"line":10,"column":0},"end":{"line":10,"column":20}}},"fnMap":{},"branchMap":{},"s":{"0":3,"1":3,"2":3,"3":3,"4":3},"f":{},"b":{},"_coverageSchema":"1a1c01bbd47fc00a2c39e90264f33305004495a9","hash":"5cb51efd0380424415be64c063f60a1dd83d8ff9"}
,"C:\\Users\\alex_\\OneDrive\\LaFosse\\LAP3\\Project\\Lap-3-project\\server\\middleware\\authenticator.js": {"path":"C:\\Users\\alex_\\OneDrive\\LaFosse\\LAP3\\Project\\Lap-3-project\\server\\middleware\\authenticator.js","statementMap":{"0":{"start":{"line":1,"column":14},"end":{"line":1,"column":40}},"1":{"start":{"line":5,"column":20},"end":{"line":5,"column":48}},"2":{"start":{"line":8,"column":2},"end":{"line":28,"column":3}},"3":{"start":{"line":9,"column":4},"end":{"line":24,"column":5}},"4":{"start":{"line":11,"column":19},"end":{"line":11,"column":55}},"5":{"start":{"line":13,"column":6},"end":{"line":20,"column":7}},"6":{"start":{"line":15,"column":8},"end":{"line":15,"column":24}},"7":{"start":{"line":16,"column":8},"end":{"line":16,"column":15}},"8":{"start":{"line":19,"column":8},"end":{"line":19,"column":56}},"9":{"start":{"line":22,"column":6},"end":{"line":22,"column":23}},"10":{"start":{"line":23,"column":6},"end":{"line":23,"column":63}},"11":{"start":{"line":27,"column":4},"end":{"line":27,"column":52}},"12":{"start":{"line":31,"column":0},"end":{"line":31,"column":33}}},"fnMap":{"0":{"name":"isAuthenticated","decl":{"start":{"line":4,"column":15},"end":{"line":4,"column":30}},"loc":{"start":{"line":4,"column":47},"end":{"line":29,"column":1}},"line":4}},"branchMap":{"0":{"loc":{"start":{"line":8,"column":2},"end":{"line":28,"column":3}},"type":"if","locations":[{"start":{"line":8,"column":2},"end":{"line":28,"column":3}},{"start":{"line":25,"column":9},"end":{"line":28,"column":3}}],"line":8},"1":{"loc":{"start":{"line":8,"column":6},"end":{"line":8,"column":52}},"type":"binary-expr","locations":[{"start":{"line":8,"column":6},"end":{"line":8,"column":15}},{"start":{"line":8,"column":19},"end":{"line":8,"column":52}}],"line":8},"2":{"loc":{"start":{"line":13,"column":6},"end":{"line":20,"column":7}},"type":"if","locations":[{"start":{"line":13,"column":6},"end":{"line":20,"column":7}},{"start":{"line":17,"column":13},"end":{"line":20,"column":7}}],"line":13}},"s":{"0":3,"1":25,"2":25,"3":23,"4":23,"5":23,"6":23,"7":23,"8":0,"9":0,"10":0,"11":2,"12":3},"f":{"0":25},"b":{"0":[23,2],"1":[25,23],"2":[23,0]},"_coverageSchema":"1a1c01bbd47fc00a2c39e90264f33305004495a9","hash":"3951f09141822f40ae88441608e8451d62cf4545"}
,"C:\\Users\\alex_\\OneDrive\\LaFosse\\LAP3\\Project\\Lap-3-project\\server\\middleware\\logger.js": {"path":"C:\\Users\\alex_\\OneDrive\\LaFosse\\LAP3\\Project\\Lap-3-project\\server\\middleware\\logger.js","statementMap":{"0":{"start":{"line":2,"column":4},"end":{"line":2,"column":45}},"1":{"start":{"line":3,"column":4},"end":{"line":3,"column":11}},"2":{"start":{"line":6,"column":0},"end":{"line":6,"column":27}}},"fnMap":{"0":{"name":"logRoutes","decl":{"start":{"line":1,"column":9},"end":{"line":1,"column":18}},"loc":{"start":{"line":1,"column":35},"end":{"line":4,"column":1}},"line":1}},"branchMap":{},"s":{"0":34,"1":34,"2":3},"f":{"0":34},"b":{},"_coverageSchema":"1a1c01bbd47fc00a2c39e90264f33305004495a9","hash":"44daa7116b1dc0e44e20c353238da0a5c982819d"}
,"C:\\Users\\alex_\\OneDrive\\LaFosse\\LAP3\\Project\\Lap-3-project\\server\\models\\Leaderboard.js": {"path":"C:\\Users\\alex_\\OneDrive\\LaFosse\\LAP3\\Project\\Lap-3-project\\server\\models\\Leaderboard.js","statementMap":{"0":{"start":{"line":1,"column":11},"end":{"line":1,"column":35}},"1":{"start":{"line":5,"column":4},"end":{"line":5,"column":27}},"2":{"start":{"line":6,"column":4},"end":{"line":6,"column":39}},"3":{"start":{"line":7,"column":4},"end":{"line":7,"column":39}},"4":{"start":{"line":8,"column":4},"end":{"line":8,"column":21}},"5":{"start":{"line":9,"column":4},"end":{"line":9,"column":47}},"6":{"start":{"line":13,"column":21},"end":{"line":15,"column":5}},"7":{"start":{"line":17,"column":4},"end":{"line":19,"column":5}},"8":{"start":{"line":18,"column":6},"end":{"line":18,"column":50}},"9":{"start":{"line":21,"column":4},"end":{"line":21,"column":64}},"10":{"start":{"line":21,"column":40},"end":{"line":21,"column":62}},"11":{"start":{"line":25,"column":21},"end":{"line":28,"column":5}},"12":{"start":{"line":30,"column":4},"end":{"line":32,"column":5}},"13":{"start":{"line":31,"column":6},"end":{"line":31,"column":50}},"14":{"start":{"line":34,"column":4},"end":{"line":34,"column":45}},"15":{"start":{"line":38,"column":4},"end":{"line":38,"column":31}},"16":{"start":{"line":39,"column":4},"end":{"line":59,"column":5}},"17":{"start":{"line":40,"column":23},"end":{"line":42,"column":7}},"18":{"start":{"line":44,"column":6},"end":{"line":46,"column":7}},"19":{"start":{"line":45,"column":8},"end":{"line":45,"column":52}},"20":{"start":{"line":47,"column":6},"end":{"line":47,"column":66}},"21":{"start":{"line":47,"column":42},"end":{"line":47,"column":64}},"22":{"start":{"line":48,"column":11},"end":{"line":59,"column":5}},"23":{"start":{"line":49,"column":23},"end":{"line":51,"column":7}},"24":{"start":{"line":53,"column":6},"end":{"line":55,"column":7}},"25":{"start":{"line":54,"column":8},"end":{"line":54,"column":52}},"26":{"start":{"line":56,"column":6},"end":{"line":56,"column":66}},"27":{"start":{"line":56,"column":42},"end":{"line":56,"column":64}},"28":{"start":{"line":58,"column":6},"end":{"line":58,"column":50}},"29":{"start":{"line":63,"column":4},"end":{"line":82,"column":5}},"30":{"start":{"line":67,"column":10},"end":{"line":67,"column":14}},"31":{"start":{"line":69,"column":19},"end":{"line":76,"column":7}},"32":{"start":{"line":78,"column":6},"end":{"line":78,"column":26}},"33":{"start":{"line":80,"column":6},"end":{"line":80,"column":25}},"34":{"start":{"line":81,"column":6},"end":{"line":81,"column":48}},"35":{"start":{"line":86,"column":4},"end":{"line":111,"column":5}},"36":{"start":{"line":87,"column":6},"end":{"line":107,"column":7}},"37":{"start":{"line":88,"column":8},"end":{"line":91,"column":10}},"38":{"start":{"line":93,"column":8},"end":{"line":96,"column":10}},"39":{"start":{"line":98,"column":8},"end":{"line":101,"column":10}},"40":{"start":{"line":103,"column":8},"end":{"line":106,"column":10}},"41":{"start":{"line":109,"column":6},"end":{"line":109,"column":25}},"42":{"start":{"line":110,"column":6},"end":{"line":110,"column":48}},"43":{"start":{"line":115,"column":0},"end":{"line":115,"column":29}}},"fnMap":{"0":{"name":"(anonymous_0)","decl":{"start":{"line":4,"column":2},"end":{"line":4,"column":3}},"loc":{"start":{"line":4,"column":70},"end":{"line":10,"column":3}},"line":4},"1":{"name":"(anonymous_1)","decl":{"start":{"line":12,"column":2},"end":{"line":12,"column":3}},"loc":{"start":{"line":12,"column":42},"end":{"line":22,"column":3}},"line":12},"2":{"name":"(anonymous_2)","decl":{"start":{"line":21,"column":29},"end":{"line":21,"column":30}},"loc":{"start":{"line":21,"column":40},"end":{"line":21,"column":62}},"line":21},"3":{"name":"(anonymous_3)","decl":{"start":{"line":24,"column":2},"end":{"line":24,"column":3}},"loc":{"start":{"line":24,"column":42},"end":{"line":35,"column":3}},"line":24},"4":{"name":"(anonymous_4)","decl":{"start":{"line":37,"column":2},"end":{"line":37,"column":3}},"loc":{"start":{"line":37,"column":55},"end":{"line":60,"column":3}},"line":37},"5":{"name":"(anonymous_5)","decl":{"start":{"line":47,"column":31},"end":{"line":47,"column":32}},"loc":{"start":{"line":47,"column":42},"end":{"line":47,"column":64}},"line":47},"6":{"name":"(anonymous_6)","decl":{"start":{"line":56,"column":31},"end":{"line":56,"column":32}},"loc":{"start":{"line":56,"column":42},"end":{"line":56,"column":64}},"line":56},"7":{"name":"(anonymous_7)","decl":{"start":{"line":62,"column":2},"end":{"line":62,"column":3}},"loc":{"start":{"line":62,"column":37},"end":{"line":83,"column":3}},"line":62},"8":{"name":"(anonymous_8)","decl":{"start":{"line":85,"column":2},"end":{"line":85,"column":3}},"loc":{"start":{"line":85,"column":40},"end":{"line":112,"column":3}},"line":85}},"branchMap":{"0":{"loc":{"start":{"line":17,"column":4},"end":{"line":19,"column":5}},"type":"if","locations":[{"start":{"line":17,"column":4},"end":{"line":19,"column":5}},{"start":{},"end":{}}],"line":17},"1":{"loc":{"start":{"line":30,"column":4},"end":{"line":32,"column":5}},"type":"if","locations":[{"start":{"line":30,"column":4},"end":{"line":32,"column":5}},{"start":{},"end":{}}],"line":30},"2":{"loc":{"start":{"line":39,"column":4},"end":{"line":59,"column":5}},"type":"if","locations":[{"start":{"line":39,"column":4},"end":{"line":59,"column":5}},{"start":{"line":48,"column":11},"end":{"line":59,"column":5}}],"line":39},"3":{"loc":{"start":{"line":44,"column":6},"end":{"line":46,"column":7}},"type":"if","locations":[{"start":{"line":44,"column":6},"end":{"line":46,"column":7}},{"start":{},"end":{}}],"line":44},"4":{"loc":{"start":{"line":48,"column":11},"end":{"line":59,"column":5}},"type":"if","locations":[{"start":{"line":48,"column":11},"end":{"line":59,"column":5}},{"start":{"line":57,"column":11},"end":{"line":59,"column":5}}],"line":48},"5":{"loc":{"start":{"line":53,"column":6},"end":{"line":55,"column":7}},"type":"if","locations":[{"start":{"line":53,"column":6},"end":{"line":55,"column":7}},{"start":{},"end":{}}],"line":53},"6":{"loc":{"start":{"line":65,"column":8},"end":{"line":65,"column":42}},"type":"default-arg","locations":[{"start":{"line":65,"column":24},"end":{"line":65,"column":42}}],"line":65},"7":{"loc":{"start":{"line":66,"column":8},"end":{"line":66,"column":42}},"type":"default-arg","locations":[{"start":{"line":66,"column":24},"end":{"line":66,"column":42}}],"line":66},"8":{"loc":{"start":{"line":87,"column":6},"end":{"line":107,"column":7}},"type":"if","locations":[{"start":{"line":87,"column":6},"end":{"line":107,"column":7}},{"start":{"line":97,"column":13},"end":{"line":107,"column":7}}],"line":87}},"s":{"0":3,"1":8,"2":8,"3":8,"4":8,"5":8,"6":1,"7":1,"8":0,"9":1,"10":3,"11":4,"12":4,"13":2,"14":2,"15":2,"16":2,"17":1,"18":1,"19":0,"20":1,"21":3,"22":1,"23":0,"24":0,"25":0,"26":0,"27":0,"28":1,"29":1,"30":1,"31":1,"32":1,"33":0,"34":0,"35":3,"36":3,"37":1,"38":1,"39":2,"40":2,"41":0,"42":0,"43":3},"f":{"0":8,"1":1,"2":3,"3":4,"4":2,"5":3,"6":0,"7":1,"8":3},"b":{"0":[0,1],"1":[2,2],"2":[1,1],"3":[0,1],"4":[0,1],"5":[0,0],"6":[0],"7":[0],"8":[1,2]},"_coverageSchema":"1a1c01bbd47fc00a2c39e90264f33305004495a9","hash":"2f076f0858b6ba0b16845b81397544bcf9888511"}
,"C:\\Users\\alex_\\OneDrive\\LaFosse\\LAP3\\Project\\Lap-3-project\\server\\models\\Quiz.js": {"path":"C:\\Users\\alex_\\OneDrive\\LaFosse\\LAP3\\Project\\Lap-3-project\\server\\models\\Quiz.js","statementMap":{"0":{"start":{"line":1,"column":11},"end":{"line":1,"column":35}},"1":{"start":{"line":13,"column":4},"end":{"line":13,"column":39}},"2":{"start":{"line":14,"column":4},"end":{"line":14,"column":27}},"3":{"start":{"line":15,"column":4},"end":{"line":15,"column":27}},"4":{"start":{"line":16,"column":4},"end":{"line":16,"column":35}},"5":{"start":{"line":17,"column":4},"end":{"line":17,"column":41}},"6":{"start":{"line":18,"column":4},"end":{"line":18,"column":49}},"7":{"start":{"line":19,"column":4},"end":{"line":19,"column":41}},"8":{"start":{"line":23,"column":4},"end":{"line":28,"column":5}},"9":{"start":{"line":24,"column":23},"end":{"line":24,"column":62}},"10":{"start":{"line":25,"column":6},"end":{"line":25,"column":27}},"11":{"start":{"line":27,"column":6},"end":{"line":27,"column":68}},"12":{"start":{"line":33,"column":4},"end":{"line":45,"column":5}},"13":{"start":{"line":34,"column":23},"end":{"line":37,"column":7}},"14":{"start":{"line":38,"column":6},"end":{"line":40,"column":7}},"15":{"start":{"line":39,"column":8},"end":{"line":39,"column":20}},"16":{"start":{"line":41,"column":22},"end":{"line":41,"column":73}},"17":{"start":{"line":41,"column":54},"end":{"line":41,"column":72}},"18":{"start":{"line":42,"column":6},"end":{"line":42,"column":21}},"19":{"start":{"line":44,"column":6},"end":{"line":44,"column":69}},"20":{"start":{"line":49,"column":21},"end":{"line":52,"column":5}},"21":{"start":{"line":54,"column":4},"end":{"line":56,"column":5}},"22":{"start":{"line":55,"column":6},"end":{"line":55,"column":58}},"23":{"start":{"line":57,"column":20},"end":{"line":57,"column":71}},"24":{"start":{"line":57,"column":52},"end":{"line":57,"column":70}},"25":{"start":{"line":58,"column":4},"end":{"line":58,"column":19}},"26":{"start":{"line":63,"column":21},"end":{"line":66,"column":5}},"27":{"start":{"line":68,"column":4},"end":{"line":70,"column":5}},"28":{"start":{"line":69,"column":6},"end":{"line":69,"column":58}},"29":{"start":{"line":72,"column":20},"end":{"line":72,"column":71}},"30":{"start":{"line":72,"column":52},"end":{"line":72,"column":70}},"31":{"start":{"line":73,"column":4},"end":{"line":73,"column":19}},"32":{"start":{"line":78,"column":21},"end":{"line":80,"column":5}},"33":{"start":{"line":81,"column":20},"end":{"line":81,"column":71}},"34":{"start":{"line":81,"column":52},"end":{"line":81,"column":70}},"35":{"start":{"line":82,"column":4},"end":{"line":82,"column":19}},"36":{"start":{"line":87,"column":21},"end":{"line":89,"column":5}},"37":{"start":{"line":90,"column":20},"end":{"line":90,"column":71}},"38":{"start":{"line":90,"column":52},"end":{"line":90,"column":70}},"39":{"start":{"line":91,"column":4},"end":{"line":91,"column":19}},"40":{"start":{"line":96,"column":21},"end":{"line":98,"column":5}},"41":{"start":{"line":99,"column":20},"end":{"line":99,"column":71}},"42":{"start":{"line":99,"column":52},"end":{"line":99,"column":70}},"43":{"start":{"line":100,"column":4},"end":{"line":100,"column":19}},"44":{"start":{"line":104,"column":21},"end":{"line":107,"column":5}},"45":{"start":{"line":109,"column":4},"end":{"line":112,"column":5}},"46":{"start":{"line":110,"column":6},"end":{"line":110,"column":58}},"47":{"start":{"line":111,"column":6},"end":{"line":111,"column":48}},"48":{"start":{"line":114,"column":17},"end":{"line":114,"column":33}},"49":{"start":{"line":115,"column":4},"end":{"line":115,"column":26}},"50":{"start":{"line":126,"column":8},"end":{"line":126,"column":12}},"51":{"start":{"line":128,"column":21},"end":{"line":138,"column":5}},"52":{"start":{"line":140,"column":4},"end":{"line":142,"column":5}},"53":{"start":{"line":141,"column":6},"end":{"line":141,"column":44}},"54":{"start":{"line":145,"column":20},"end":{"line":145,"column":36}},"55":{"start":{"line":146,"column":21},"end":{"line":150,"column":5}},"56":{"start":{"line":152,"column":4},"end":{"line":152,"column":30}},"57":{"start":{"line":156,"column":67},"end":{"line":156,"column":71}},"58":{"start":{"line":162,"column":4},"end":{"line":164,"column":50}},"59":{"start":{"line":165,"column":4},"end":{"line":167,"column":58}},"60":{"start":{"line":168,"column":4},"end":{"line":170,"column":50}},"61":{"start":{"line":173,"column":21},"end":{"line":183,"column":5}},"62":{"start":{"line":185,"column":4},"end":{"line":185,"column":38}},"63":{"start":{"line":189,"column":0},"end":{"line":189,"column":22}}},"fnMap":{"0":{"name":"(anonymous_0)","decl":{"start":{"line":4,"column":2},"end":{"line":4,"column":3}},"loc":{"start":{"line":12,"column":5},"end":{"line":20,"column":3}},"line":12},"1":{"name":"(anonymous_1)","decl":{"start":{"line":22,"column":2},"end":{"line":22,"column":3}},"loc":{"start":{"line":22,"column":31},"end":{"line":29,"column":3}},"line":22},"2":{"name":"(anonymous_2)","decl":{"start":{"line":32,"column":2},"end":{"line":32,"column":3}},"loc":{"start":{"line":32,"column":40},"end":{"line":46,"column":3}},"line":32},"3":{"name":"(anonymous_3)","decl":{"start":{"line":41,"column":40},"end":{"line":41,"column":41}},"loc":{"start":{"line":41,"column":54},"end":{"line":41,"column":72}},"line":41},"4":{"name":"(anonymous_4)","decl":{"start":{"line":48,"column":2},"end":{"line":48,"column":3}},"loc":{"start":{"line":48,"column":46},"end":{"line":59,"column":3}},"line":48},"5":{"name":"(anonymous_5)","decl":{"start":{"line":57,"column":38},"end":{"line":57,"column":39}},"loc":{"start":{"line":57,"column":52},"end":{"line":57,"column":70}},"line":57},"6":{"name":"(anonymous_6)","decl":{"start":{"line":62,"column":2},"end":{"line":62,"column":3}},"loc":{"start":{"line":62,"column":50},"end":{"line":74,"column":3}},"line":62},"7":{"name":"(anonymous_7)","decl":{"start":{"line":72,"column":38},"end":{"line":72,"column":39}},"loc":{"start":{"line":72,"column":52},"end":{"line":72,"column":70}},"line":72},"8":{"name":"(anonymous_8)","decl":{"start":{"line":77,"column":2},"end":{"line":77,"column":3}},"loc":{"start":{"line":77,"column":36},"end":{"line":83,"column":3}},"line":77},"9":{"name":"(anonymous_9)","decl":{"start":{"line":81,"column":38},"end":{"line":81,"column":39}},"loc":{"start":{"line":81,"column":52},"end":{"line":81,"column":70}},"line":81},"10":{"name":"(anonymous_10)","decl":{"start":{"line":86,"column":2},"end":{"line":86,"column":3}},"loc":{"start":{"line":86,"column":40},"end":{"line":92,"column":3}},"line":86},"11":{"name":"(anonymous_11)","decl":{"start":{"line":90,"column":38},"end":{"line":90,"column":39}},"loc":{"start":{"line":90,"column":52},"end":{"line":90,"column":70}},"line":90},"12":{"name":"(anonymous_12)","decl":{"start":{"line":95,"column":2},"end":{"line":95,"column":3}},"loc":{"start":{"line":95,"column":36},"end":{"line":101,"column":3}},"line":95},"13":{"name":"(anonymous_13)","decl":{"start":{"line":99,"column":38},"end":{"line":99,"column":39}},"loc":{"start":{"line":99,"column":52},"end":{"line":99,"column":70}},"line":99},"14":{"name":"(anonymous_14)","decl":{"start":{"line":103,"column":2},"end":{"line":103,"column":3}},"loc":{"start":{"line":103,"column":62},"end":{"line":116,"column":3}},"line":103},"15":{"name":"(anonymous_15)","decl":{"start":{"line":118,"column":2},"end":{"line":118,"column":3}},"loc":{"start":{"line":118,"column":32},"end":{"line":153,"column":3}},"line":118},"16":{"name":"(anonymous_16)","decl":{"start":{"line":155,"column":2},"end":{"line":155,"column":3}},"loc":{"start":{"line":155,"column":33},"end":{"line":186,"column":3}},"line":155}},"branchMap":{"0":{"loc":{"start":{"line":38,"column":6},"end":{"line":40,"column":7}},"type":"if","locations":[{"start":{"line":38,"column":6},"end":{"line":40,"column":7}},{"start":{},"end":{}}],"line":38},"1":{"loc":{"start":{"line":54,"column":4},"end":{"line":56,"column":5}},"type":"if","locations":[{"start":{"line":54,"column":4},"end":{"line":56,"column":5}},{"start":{},"end":{}}],"line":54},"2":{"loc":{"start":{"line":68,"column":4},"end":{"line":70,"column":5}},"type":"if","locations":[{"start":{"line":68,"column":4},"end":{"line":70,"column":5}},{"start":{},"end":{}}],"line":68},"3":{"loc":{"start":{"line":109,"column":4},"end":{"line":112,"column":5}},"type":"if","locations":[{"start":{"line":109,"column":4},"end":{"line":112,"column":5}},{"start":{},"end":{}}],"line":109},"4":{"loc":{"start":{"line":140,"column":4},"end":{"line":142,"column":5}},"type":"if","locations":[{"start":{"line":140,"column":4},"end":{"line":142,"column":5}},{"start":{},"end":{}}],"line":140},"5":{"loc":{"start":{"line":162,"column":4},"end":{"line":164,"column":49}},"type":"cond-expr","locations":[{"start":{"line":163,"column":9},"end":{"line":163,"column":43}},{"start":{"line":164,"column":9},"end":{"line":164,"column":48}}],"line":162},"6":{"loc":{"start":{"line":165,"column":4},"end":{"line":167,"column":57}},"type":"cond-expr","locations":[{"start":{"line":166,"column":9},"end":{"line":166,"column":51}},{"start":{"line":167,"column":9},"end":{"line":167,"column":56}}],"line":165},"7":{"loc":{"start":{"line":168,"column":4},"end":{"line":170,"column":49}},"type":"cond-expr","locations":[{"start":{"line":169,"column":9},"end":{"line":169,"column":43}},{"start":{"line":170,"column":9},"end":{"line":170,"column":48}}],"line":168}},"s":{"0":3,"1":36,"2":36,"3":36,"4":36,"5":36,"6":36,"7":36,"8":1,"9":1,"10":1,"11":0,"12":2,"13":2,"14":2,"15":1,"16":1,"17":4,"18":1,"19":0,"20":2,"21":2,"22":1,"23":1,"24":4,"25":1,"26":2,"27":2,"28":1,"29":1,"30":3,"31":1,"32":1,"33":1,"34":6,"35":1,"36":1,"37":1,"38":6,"39":1,"40":1,"41":1,"42":6,"43":1,"44":6,"45":6,"46":2,"47":0,"48":4,"49":4,"50":1,"51":1,"52":1,"53":0,"54":1,"55":1,"56":1,"57":2,"58":2,"59":2,"60":2,"61":2,"62":2,"63":3},"f":{"0":36,"1":1,"2":2,"3":4,"4":2,"5":4,"6":2,"7":3,"8":1,"9":6,"10":1,"11":6,"12":1,"13":6,"14":6,"15":1,"16":2},"b":{"0":[1,1],"1":[1,1],"2":[1,1],"3":[2,4],"4":[0,1],"5":[1,1],"6":[0,2],"7":[0,2]},"_coverageSchema":"1a1c01bbd47fc00a2c39e90264f33305004495a9","hash":"d66d45f0b8029ba64e2275895cbaee90f0738fa6"}
,"C:\\Users\\alex_\\OneDrive\\LaFosse\\LAP3\\Project\\Lap-3-project\\server\\models\\User.js": {"path":"C:\\Users\\alex_\\OneDrive\\LaFosse\\LAP3\\Project\\Lap-3-project\\server\\models\\User.js","statementMap":{"0":{"start":{"line":1,"column":11},"end":{"line":1,"column":35}},"1":{"start":{"line":5,"column":4},"end":{"line":5,"column":27}},"2":{"start":{"line":6,"column":4},"end":{"line":6,"column":29}},"3":{"start":{"line":7,"column":4},"end":{"line":7,"column":23}},"4":{"start":{"line":8,"column":4},"end":{"line":8,"column":29}},"5":{"start":{"line":14,"column":21},"end":{"line":16,"column":6}},"6":{"start":{"line":17,"column":4},"end":{"line":19,"column":5}},"7":{"start":{"line":18,"column":6},"end":{"line":18,"column":48}},"8":{"start":{"line":20,"column":4},"end":{"line":20,"column":38}},"9":{"start":{"line":25,"column":21},"end":{"line":27,"column":6}},"10":{"start":{"line":28,"column":4},"end":{"line":30,"column":5}},"11":{"start":{"line":29,"column":6},"end":{"line":29,"column":48}},"12":{"start":{"line":31,"column":4},"end":{"line":31,"column":38}},"13":{"start":{"line":36,"column":42},"end":{"line":36,"column":46}},"14":{"start":{"line":38,"column":19},"end":{"line":41,"column":5}},"15":{"start":{"line":43,"column":18},"end":{"line":43,"column":42}},"16":{"start":{"line":45,"column":31},"end":{"line":48,"column":5}},"17":{"start":{"line":50,"column":4},"end":{"line":55,"column":5}},"18":{"start":{"line":51,"column":6},"end":{"line":51,"column":49}},"19":{"start":{"line":53,"column":22},"end":{"line":53,"column":50}},"20":{"start":{"line":54,"column":6},"end":{"line":54,"column":21}},"21":{"start":{"line":60,"column":4},"end":{"line":73,"column":5}},"22":{"start":{"line":61,"column":23},"end":{"line":64,"column":7}},"23":{"start":{"line":66,"column":4},"end":{"line":68,"column":6}},"24":{"start":{"line":67,"column":6},"end":{"line":67,"column":64}},"25":{"start":{"line":70,"column":5},"end":{"line":70,"column":39}},"26":{"start":{"line":72,"column":6},"end":{"line":72,"column":63}},"27":{"start":{"line":81,"column":0},"end":{"line":81,"column":22}}},"fnMap":{"0":{"name":"(anonymous_0)","decl":{"start":{"line":4,"column":2},"end":{"line":4,"column":3}},"loc":{"start":{"line":4,"column":54},"end":{"line":9,"column":3}},"line":4},"1":{"name":"(anonymous_1)","decl":{"start":{"line":13,"column":2},"end":{"line":13,"column":3}},"loc":{"start":{"line":13,"column":30},"end":{"line":21,"column":3}},"line":13},"2":{"name":"(anonymous_2)","decl":{"start":{"line":24,"column":2},"end":{"line":24,"column":3}},"loc":{"start":{"line":24,"column":42},"end":{"line":32,"column":3}},"line":24},"3":{"name":"(anonymous_3)","decl":{"start":{"line":35,"column":2},"end":{"line":35,"column":3}},"loc":{"start":{"line":35,"column":28},"end":{"line":56,"column":3}},"line":35},"4":{"name":"(anonymous_4)","decl":{"start":{"line":59,"column":2},"end":{"line":59,"column":3}},"loc":{"start":{"line":59,"column":30},"end":{"line":76,"column":5}},"line":59}},"branchMap":{"0":{"loc":{"start":{"line":17,"column":4},"end":{"line":19,"column":5}},"type":"if","locations":[{"start":{"line":17,"column":4},"end":{"line":19,"column":5}},{"start":{},"end":{}}],"line":17},"1":{"loc":{"start":{"line":28,"column":4},"end":{"line":30,"column":5}},"type":"if","locations":[{"start":{"line":28,"column":4},"end":{"line":30,"column":5}},{"start":{},"end":{}}],"line":28},"2":{"loc":{"start":{"line":50,"column":4},"end":{"line":55,"column":5}},"type":"if","locations":[{"start":{"line":50,"column":4},"end":{"line":55,"column":5}},{"start":{"line":52,"column":11},"end":{"line":55,"column":5}}],"line":50},"3":{"loc":{"start":{"line":66,"column":4},"end":{"line":68,"column":6}},"type":"if","locations":[{"start":{"line":66,"column":4},"end":{"line":68,"column":6}},{"start":{},"end":{}}],"line":66}},"s":{"0":3,"1":7,"2":7,"3":7,"4":7,"5":3,"6":3,"7":0,"8":3,"9":6,"10":6,"11":2,"12":4,"13":3,"14":3,"15":3,"16":3,"17":3,"18":0,"19":3,"20":3,"21":0,"22":0,"23":0,"24":0,"25":0,"26":0,"27":3},"f":{"0":7,"1":3,"2":6,"3":3,"4":0},"b":{"0":[0,3],"1":[2,4],"2":[0,3],"3":[0,0]},"_coverageSchema":"1a1c01bbd47fc00a2c39e90264f33305004495a9","hash":"2272044773332bb3f174a32912d4f8f24bd4fe76"}
,"C:\\Users\\alex_\\OneDrive\\LaFosse\\LAP3\\Project\\Lap-3-project\\server\\models\\token.js": {"path":"C:\\Users\\alex_\\OneDrive\\LaFosse\\LAP3\\Project\\Lap-3-project\\server\\models\\token.js","statementMap":{"0":{"start":{"line":1,"column":23},"end":{"line":1,"column":38}},"1":{"start":{"line":3,"column":11},"end":{"line":3,"column":35}},"2":{"start":{"line":7,"column":4},"end":{"line":7,"column":29}},"3":{"start":{"line":8,"column":4},"end":{"line":8,"column":27}},"4":{"start":{"line":9,"column":4},"end":{"line":9,"column":23}},"5":{"start":{"line":14,"column":18},"end":{"line":14,"column":26}},"6":{"start":{"line":15,"column":21},"end":{"line":18,"column":5}},"7":{"start":{"line":19,"column":18},"end":{"line":19,"column":43}},"8":{"start":{"line":20,"column":21},"end":{"line":20,"column":50}},"9":{"start":{"line":21,"column":4},"end":{"line":21,"column":20}},"10":{"start":{"line":25,"column":21},"end":{"line":27,"column":6}},"11":{"start":{"line":28,"column":4},"end":{"line":32,"column":5}},"12":{"start":{"line":29,"column":6},"end":{"line":29,"column":49}},"13":{"start":{"line":31,"column":6},"end":{"line":31,"column":41}},"14":{"start":{"line":36,"column":21},"end":{"line":38,"column":6}},"15":{"start":{"line":39,"column":4},"end":{"line":43,"column":5}},"16":{"start":{"line":40,"column":6},"end":{"line":40,"column":49}},"17":{"start":{"line":42,"column":6},"end":{"line":42,"column":41}},"18":{"start":{"line":48,"column":21},"end":{"line":51,"column":5}},"19":{"start":{"line":52,"column":4},"end":{"line":52,"column":38}},"20":{"start":{"line":57,"column":21},"end":{"line":60,"column":5}},"21":{"start":{"line":61,"column":4},"end":{"line":61,"column":45}},"22":{"start":{"line":65,"column":0},"end":{"line":65,"column":23}}},"fnMap":{"0":{"name":"(anonymous_0)","decl":{"start":{"line":6,"column":2},"end":{"line":6,"column":3}},"loc":{"start":{"line":6,"column":44},"end":{"line":10,"column":3}},"line":6},"1":{"name":"(anonymous_1)","decl":{"start":{"line":12,"column":2},"end":{"line":12,"column":3}},"loc":{"start":{"line":12,"column":26},"end":{"line":22,"column":3}},"line":12},"2":{"name":"(anonymous_2)","decl":{"start":{"line":24,"column":2},"end":{"line":24,"column":3}},"loc":{"start":{"line":24,"column":30},"end":{"line":33,"column":3}},"line":24},"3":{"name":"(anonymous_3)","decl":{"start":{"line":35,"column":2},"end":{"line":35,"column":3}},"loc":{"start":{"line":35,"column":36},"end":{"line":44,"column":3}},"line":35},"4":{"name":"(anonymous_4)","decl":{"start":{"line":47,"column":2},"end":{"line":47,"column":3}},"loc":{"start":{"line":47,"column":39},"end":{"line":53,"column":3}},"line":47},"5":{"name":"(anonymous_5)","decl":{"start":{"line":56,"column":2},"end":{"line":56,"column":3}},"loc":{"start":{"line":56,"column":43},"end":{"line":62,"column":3}},"line":56}},"branchMap":{"0":{"loc":{"start":{"line":28,"column":4},"end":{"line":32,"column":5}},"type":"if","locations":[{"start":{"line":28,"column":4},"end":{"line":32,"column":5}},{"start":{"line":30,"column":11},"end":{"line":32,"column":5}}],"line":28},"1":{"loc":{"start":{"line":39,"column":4},"end":{"line":43,"column":5}},"type":"if","locations":[{"start":{"line":39,"column":4},"end":{"line":43,"column":5}},{"start":{"line":41,"column":11},"end":{"line":43,"column":5}}],"line":39},"2":{"loc":{"start":{"line":61,"column":11},"end":{"line":61,"column":44}},"type":"binary-expr","locations":[{"start":{"line":61,"column":11},"end":{"line":61,"column":36}},{"start":{"line":61,"column":40},"end":{"line":61,"column":44}}],"line":61}},"s":{"0":3,"1":3,"2":27,"3":27,"4":27,"5":4,"6":4,"7":4,"8":4,"9":4,"10":4,"11":4,"12":0,"13":4,"14":23,"15":23,"16":0,"17":23,"18":23,"19":23,"20":0,"21":0,"22":3},"f":{"0":27,"1":4,"2":4,"3":23,"4":23,"5":0},"b":{"0":[0,4],"1":[0,23],"2":[0,0]},"_coverageSchema":"1a1c01bbd47fc00a2c39e90264f33305004495a9","hash":"c528696a2567236e8e18f20d3bc88a21c4d0e2cc"}
,"C:\\Users\\alex_\\OneDrive\\LaFosse\\LAP3\\Project\\Lap-3-project\\server\\routers\\leaderboard.js": {"path":"C:\\Users\\alex_\\OneDrive\\LaFosse\\LAP3\\Project\\Lap-3-project\\server\\routers\\leaderboard.js","statementMap":{"0":{"start":{"line":1,"column":19},"end":{"line":1,"column":37}},"1":{"start":{"line":2,"column":26},"end":{"line":2,"column":34}},"2":{"start":{"line":3,"column":24},"end":{"line":3,"column":62}},"3":{"start":{"line":5,"column":30},"end":{"line":5,"column":67}},"4":{"start":{"line":8,"column":0},"end":{"line":8,"column":73}},"5":{"start":{"line":11,"column":0},"end":{"line":15,"column":2}},"6":{"start":{"line":18,"column":0},"end":{"line":22,"column":2}},"7":{"start":{"line":25,"column":0},"end":{"line":29,"column":2}},"8":{"start":{"line":31,"column":0},"end":{"line":31,"column":35}}},"fnMap":{},"branchMap":{},"s":{"0":3,"1":3,"2":3,"3":3,"4":3,"5":3,"6":3,"7":3,"8":3},"f":{},"b":{},"_coverageSchema":"1a1c01bbd47fc00a2c39e90264f33305004495a9","hash":"e04c1d6bde6331f35456ad6b3409807e101f96ae"}
,"C:\\Users\\alex_\\OneDrive\\LaFosse\\LAP3\\Project\\Lap-3-project\\server\\routers\\quiz.js": {"path":"C:\\Users\\alex_\\OneDrive\\LaFosse\\LAP3\\Project\\Lap-3-project\\server\\routers\\quiz.js","statementMap":{"0":{"start":{"line":1,"column":19},"end":{"line":1,"column":37}},"1":{"start":{"line":2,"column":24},"end":{"line":2,"column":62}},"2":{"start":{"line":3,"column":23},"end":{"line":3,"column":53}},"3":{"start":{"line":5,"column":19},"end":{"line":5,"column":27}},"4":{"start":{"line":8,"column":0},"end":{"line":8,"column":58}},"5":{"start":{"line":10,"column":0},"end":{"line":10,"column":72}},"6":{"start":{"line":13,"column":0},"end":{"line":13,"column":70}},"7":{"start":{"line":15,"column":0},"end":{"line":19,"column":2}},"8":{"start":{"line":21,"column":0},"end":{"line":25,"column":2}},"9":{"start":{"line":26,"column":0},"end":{"line":30,"column":2}},"10":{"start":{"line":31,"column":0},"end":{"line":35,"column":2}},"11":{"start":{"line":38,"column":0},"end":{"line":42,"column":2}},"12":{"start":{"line":45,"column":0},"end":{"line":45,"column":73}},"13":{"start":{"line":48,"column":0},"end":{"line":52,"column":2}},"14":{"start":{"line":53,"column":0},"end":{"line":53,"column":28}}},"fnMap":{},"branchMap":{},"s":{"0":3,"1":3,"2":3,"3":3,"4":3,"5":3,"6":3,"7":3,"8":3,"9":3,"10":3,"11":3,"12":3,"13":3,"14":3},"f":{},"b":{},"_coverageSchema":"1a1c01bbd47fc00a2c39e90264f33305004495a9","hash":"b583435b77de1b48bdf7cc32bb5e1977fa227c31"}
,"C:\\Users\\alex_\\OneDrive\\LaFosse\\LAP3\\Project\\Lap-3-project\\server\\routers\\user.js": {"path":"C:\\Users\\alex_\\OneDrive\\LaFosse\\LAP3\\Project\\Lap-3-project\\server\\routers\\user.js","statementMap":{"0":{"start":{"line":1,"column":19},"end":{"line":1,"column":37}},"1":{"start":{"line":2,"column":19},"end":{"line":2,"column":27}},"2":{"start":{"line":4,"column":23},"end":{"line":4,"column":53}},"3":{"start":{"line":6,"column":0},"end":{"line":6,"column":54}},"4":{"start":{"line":7,"column":0},"end":{"line":7,"column":48}},"5":{"start":{"line":9,"column":0},"end":{"line":9,"column":28}}},"fnMap":{},"branchMap":{},"s":{"0":3,"1":3,"2":3,"3":3,"4":3,"5":3},"f":{},"b":{},"_coverageSchema":"1a1c01bbd47fc00a2c39e90264f33305004495a9","hash":"d6d5c91a0249fddef7c77503f855bc40e7b45daf"}
}
