TN:
SF:app.js
FN:15,(anonymous_0)
FNF:1
FNH:0
FNDA:0,(anonymous_0)
DA:1,3
DA:2,3
DA:4,3
DA:5,3
DA:6,3
DA:7,3
DA:10,3
DA:11,3
DA:12,3
DA:13,3
DA:15,3
DA:16,0
DA:19,3
DA:20,3
DA:21,3
DA:23,3
LF:16
LH:15
BRF:0
BRH:0
end_of_record
TN:
SF:__test__\mock\database\setup.js
FN:6,(anonymous_0)
FNF:1
FNH:1
FNDA:3,(anonymous_0)
DA:1,3
DA:2,3
DA:3,3
DA:4,3
DA:6,3
DA:7,3
DA:10,3
DA:11,3
DA:12,3
DA:13,3
DA:14,3
DA:16,0
DA:20,3
LF:13
LH:12
BRF:0
BRH:0
end_of_record
TN:
SF:controllers\leaderboard.js
FN:3,index
FN:13,show
FN:25,showUser
FN:35,update
FNF:4
FNH:4
FNDA:1,index
FNDA:2,show
FNDA:1,showUser
FNDA:1,update
DA:1,3
DA:4,1
DA:5,1
DA:6,1
DA:8,0
DA:9,0
DA:14,2
DA:15,2
DA:16,2
DA:19,1
DA:21,1
DA:26,1
DA:27,1
DA:28,1
DA:29,1
DA:31,0
DA:36,1
DA:37,1
DA:38,1
DA:39,1
DA:40,1
DA:41,1
DA:43,0
DA:47,3
LF:24
LH:20
BRF:0
BRH:0
end_of_record
TN:
SF:controllers\quiz.js
FN:5,show
FN:13,getQuizByQuizId
FN:26,showById
FN:37,showByLanguageId
FN:48,getBeginnerQuizzes
FN:58,getIntermediateQuizzes
FN:68,getAdvancedQuizzes
FN:77,getAllInfo
FN:88,createQuizInstance
FN:101,updateQuizInstance
FNF:10
FNH:10
FNDA:1,show
FNDA:2,getQuizByQuizId
FNDA:2,showById
FNDA:2,showByLanguageId
FNDA:1,getBeginnerQuizzes
FNDA:1,getIntermediateQuizzes
FNDA:1,getAdvancedQuizzes
FNDA:1,getAllInfo
FNDA:1,createQuizInstance
FNDA:3,updateQuizInstance
DA:1,3
DA:2,3
DA:3,3
DA:6,1
DA:7,1
DA:8,1
DA:10,0
DA:14,2
DA:15,2
DA:16,2
DA:17,2
DA:18,1
DA:20,1
DA:22,0
DA:27,2
DA:28,2
DA:29,2
DA:30,1
DA:32,1
DA:38,2
DA:39,2
DA:40,2
DA:41,1
DA:43,1
DA:49,1
DA:50,1
DA:51,1
DA:53,0
DA:59,1
DA:60,1
DA:61,1
DA:63,0
DA:69,1
DA:70,1
DA:71,1
DA:73,0
DA:78,1
DA:79,1
DA:80,1
DA:81,1
DA:82,1
DA:84,0
DA:89,1
DA:90,1
DA:91,1
DA:92,1
DA:93,1
DA:94,1
DA:96,0
DA:97,0
DA:102,3
DA:103,3
DA:104,3
DA:105,3
DA:110,2
DA:111,2
DA:112,2
DA:114,1
DA:115,1
DA:119,3
LF:60
LH:52
BRDA:17,0,0,1
BRDA:17,0,1,1
BRF:2
BRH:2
end_of_record
TN:
SF:controllers\user.js
FN:7,register
FN:25,login
FN:48,logout
FN:59,details
FN:74,destroy
FNF:5
FNH:5
FNDA:3,register
FNDA:7,login
FNDA:1,logout
FNDA:1,details
FNDA:2,destroy
DA:1,3
DA:2,3
DA:4,3
DA:5,3
DA:8,3
DA:9,3
DA:12,3
DA:15,3
DA:17,3
DA:19,3
DA:21,0
DA:26,7
DA:27,7
DA:28,7
DA:30,5
DA:31,5
DA:32,5
DA:33,0
DA:36,5
DA:37,5
DA:38,5
DA:43,2
DA:44,2
DA:49,1
DA:50,1
DA:51,1
DA:52,1
DA:53,1
DA:55,0
DA:60,1
DA:61,1
DA:63,1
DA:66,1
DA:68,1
DA:70,0
DA:75,2
DA:76,2
DA:77,2
DA:78,2
DA:79,1
DA:83,1
DA:84,1
DA:85,1
DA:87,1
DA:91,3
LF:45
LH:41
BRDA:32,0,0,0
BRDA:32,0,1,5
BRDA:78,1,0,1
BRDA:78,1,1,1
BRF:4
BRH:3
end_of_record
TN:
SF:db\connect.js
FNF:0
FNH:0
DA:1,3
DA:2,3
DA:4,3
DA:8,3
DA:10,3
LF:5
LH:5
BRF:0
BRH:0
end_of_record
TN:
SF:middleware\authenticator.js
FN:4,isAuthenticated
FNF:1
FNH:1
FNDA:24,isAuthenticated
DA:1,3
DA:5,24
DA:8,24
DA:9,23
DA:11,23
DA:13,23
DA:15,23
DA:16,23
DA:19,0
DA:22,0
DA:23,0
DA:27,1
DA:31,3
LF:13
LH:10
BRDA:8,0,0,23
BRDA:8,0,1,1
BRDA:8,1,0,24
BRDA:8,1,1,23
BRDA:13,2,0,23
BRDA:13,2,1,0
BRF:6
BRH:5
end_of_record
TN:
SF:middleware\logger.js
FN:1,logRoutes
FNF:1
FNH:1
FNDA:36,logRoutes
DA:2,36
DA:3,36
DA:6,3
LF:3
LH:3
BRF:0
BRH:0
end_of_record
TN:
SF:models\Leaderboard.js
FN:4,(anonymous_0)
FN:20,(anonymous_1)
FN:29,(anonymous_2)
FN:32,(anonymous_3)
FN:45,(anonymous_4)
FN:54,(anonymous_5)
FN:63,(anonymous_6)
FN:69,(anonymous_7)
FN:92,(anonymous_8)
FNF:9
FNH:8
FNDA:8,(anonymous_0)
FNDA:1,(anonymous_1)
FNDA:3,(anonymous_2)
FNDA:2,(anonymous_3)
FNDA:2,(anonymous_4)
FNDA:3,(anonymous_5)
FNDA:0,(anonymous_6)
FNDA:1,(anonymous_7)
FNDA:3,(anonymous_8)
DA:1,3
DA:12,8
DA:13,8
DA:14,8
DA:15,8
DA:16,8
DA:17,8
DA:21,1
DA:25,1
DA:26,0
DA:29,3
DA:33,2
DA:38,2
DA:39,0
DA:42,2
DA:46,2
DA:47,1
DA:51,1
DA:52,0
DA:54,3
DA:55,1
DA:56,0
DA:60,0
DA:61,0
DA:63,0
DA:65,1
DA:70,1
DA:74,1
DA:76,1
DA:85,1
DA:87,0
DA:88,0
DA:93,3
DA:94,3
DA:95,3
DA:100,3
DA:105,0
DA:110,0
DA:116,0
DA:117,0
DA:122,3
LF:41
LH:28
BRDA:25,0,0,0
BRDA:25,0,1,1
BRDA:38,1,0,0
BRDA:38,1,1,2
BRDA:46,2,0,1
BRDA:46,2,1,1
BRDA:51,3,0,0
BRDA:51,3,1,1
BRDA:55,4,0,0
BRDA:55,4,1,1
BRDA:60,5,0,0
BRDA:60,5,1,0
BRDA:72,6,0,0
BRDA:73,7,0,0
BRDA:94,8,0,3
BRDA:94,8,1,0
BRF:16
BRH:7
end_of_record
TN:
SF:models\Quiz.js
FN:4,(anonymous_0)
FN:22,(anonymous_1)
FN:32,(anonymous_2)
FN:41,(anonymous_3)
FN:48,(anonymous_4)
FN:57,(anonymous_5)
FN:62,(anonymous_6)
FN:72,(anonymous_7)
FN:77,(anonymous_8)
FN:81,(anonymous_9)
FN:86,(anonymous_10)
FN:90,(anonymous_11)
FN:95,(anonymous_12)
FN:99,(anonymous_13)
FN:103,(anonymous_14)
FN:116,(anonymous_15)
FN:144,(anonymous_16)
FNF:17
FNH:17
FNDA:37,(anonymous_0)
FNDA:1,(anonymous_1)
FNDA:2,(anonymous_2)
FNDA:5,(anonymous_3)
FNDA:2,(anonymous_4)
FNDA:1,(anonymous_5)
FNDA:2,(anonymous_6)
FNDA:4,(anonymous_7)
FNDA:1,(anonymous_8)
FNDA:7,(anonymous_9)
FNDA:1,(anonymous_10)
FNDA:7,(anonymous_11)
FNDA:1,(anonymous_12)
FNDA:7,(anonymous_13)
FNDA:4,(anonymous_14)
FNDA:1,(anonymous_15)
FNDA:2,(anonymous_16)
DA:1,3
DA:13,37
DA:14,37
DA:15,37
DA:16,37
DA:17,37
DA:18,37
DA:19,37
DA:23,1
DA:24,1
DA:25,1
DA:27,0
DA:33,2
DA:34,2
DA:38,2
DA:39,1
DA:41,5
DA:42,1
DA:44,0
DA:49,2
DA:54,2
DA:55,1
DA:57,1
DA:58,1
DA:63,2
DA:68,2
DA:69,1
DA:72,4
DA:73,1
DA:78,1
DA:81,7
DA:82,1
DA:87,1
DA:90,7
DA:91,1
DA:96,1
DA:99,7
DA:100,1
DA:104,4
DA:109,4
DA:110,1
DA:113,3
DA:123,1
DA:125,1
DA:137,1
DA:138,0
DA:141,1
DA:145,2
DA:151,2
DA:154,2
DA:157,2
DA:162,2
DA:174,2
DA:178,3
LF:54
LH:51
BRDA:38,0,0,1
BRDA:38,0,1,1
BRDA:54,1,0,1
BRDA:54,1,1,1
BRDA:68,2,0,1
BRDA:68,2,1,1
BRDA:109,3,0,1
BRDA:109,3,1,3
BRDA:137,4,0,0
BRDA:137,4,1,1
BRDA:151,5,0,1
BRDA:151,5,1,1
BRDA:154,6,0,0
BRDA:154,6,1,2
BRDA:157,7,0,0
BRDA:157,7,1,2
BRF:16
BRH:13
end_of_record
TN:
SF:models\Token.js
FN:6,(anonymous_0)
FN:12,(anonymous_1)
FN:24,(anonymous_2)
FN:35,(anonymous_3)
FN:47,(anonymous_4)
FN:53,(anonymous_5)
FN:59,(anonymous_6)
FNF:7
FNH:6
FNDA:29,(anonymous_0)
FNDA:5,(anonymous_1)
FNDA:5,(anonymous_2)
FNDA:24,(anonymous_3)
FNDA:23,(anonymous_4)
FNDA:0,(anonymous_5)
FNDA:1,(anonymous_6)
DA:1,3
DA:3,3
DA:7,29
DA:8,29
DA:9,29
DA:14,5
DA:15,5
DA:19,5
DA:20,5
DA:21,5
DA:25,5
DA:28,5
DA:29,0
DA:31,5
DA:36,24
DA:39,24
DA:40,0
DA:42,24
DA:48,23
DA:49,23
DA:54,0
DA:55,0
DA:60,1
DA:61,1
DA:65,3
LF:25
LH:21
BRDA:28,0,0,0
BRDA:28,0,1,5
BRDA:39,1,0,0
BRDA:39,1,1,24
BRDA:55,2,0,0
BRDA:55,2,1,0
BRF:6
BRH:2
end_of_record
TN:
SF:models\User.js
FN:4,(anonymous_0)
FN:24,(anonymous_1)
FN:35,(anonymous_2)
FN:46,(anonymous_3)
FN:69,(anonymous_4)
FN:96,(anonymous_5)
FNF:6
FNH:6
FNDA:16,(anonymous_0)
FNDA:10,(anonymous_1)
FNDA:7,(anonymous_2)
FNDA:3,(anonymous_3)
FNDA:5,(anonymous_4)
FNDA:1,(anonymous_5)
DA:1,3
DA:13,16
DA:14,16
DA:15,16
DA:16,16
DA:17,16
DA:18,16
DA:19,16
DA:25,10
DA:28,10
DA:29,0
DA:31,10
DA:36,7
DA:39,7
DA:40,2
DA:42,5
DA:47,3
DA:49,3
DA:54,3
DA:56,3
DA:61,3
DA:62,0
DA:64,3
DA:65,3
DA:70,5
DA:73,5
DA:75,5
DA:76,5
DA:77,0
DA:78,0
DA:80,0
DA:83,5
DA:88,5
DA:89,0
DA:91,5
DA:92,5
DA:98,1
DA:103,1
DA:108,1
DA:113,1
DA:118,1
DA:119,0
DA:122,1
DA:123,0
DA:126,1
DA:132,3
LF:46
LH:38
BRDA:28,0,0,0
BRDA:28,0,1,10
BRDA:39,1,0,2
BRDA:39,1,1,5
BRDA:61,2,0,0
BRDA:61,2,1,3
BRDA:73,3,0,5
BRDA:73,3,1,0
BRDA:75,4,0,5
BRDA:75,4,1,0
BRDA:77,5,0,0
BRDA:77,5,1,0
BRDA:88,6,0,0
BRDA:88,6,1,5
BRDA:118,7,0,0
BRDA:118,7,1,1
BRDA:122,8,0,0
BRDA:122,8,1,1
BRF:18
BRH:9
end_of_record
TN:
SF:routers\leaderboard.js
FNF:0
FNH:0
DA:1,3
DA:2,3
DA:3,3
DA:5,3
DA:8,3
DA:11,3
DA:13,3
DA:15,3
DA:18,3
DA:21,3
LF:10
LH:10
BRF:0
BRH:0
end_of_record
TN:
SF:routers\quiz.js
FNF:0
FNH:0
DA:1,3
DA:2,3
DA:3,3
DA:5,3
DA:8,3
DA:12,3
DA:15,3
DA:21,3
DA:26,3
DA:31,3
DA:38,3
DA:45,3
DA:48,3
DA:52,3
DA:54,3
LF:15
LH:15
BRF:0
BRH:0
end_of_record
TN:
SF:routers\user.js
FNF:0
FNH:0
DA:1,3
DA:2,3
DA:4,3
DA:5,3
DA:7,3
DA:8,3
DA:10,3
DA:11,3
DA:12,3
DA:13,3
DA:15,3
LF:11
LH:11
BRF:0
BRH:0
end_of_record
