TN:
SF:app.js
FN:15,(anonymous_0)
FNF:1
FNH:0
FNDA:0,(anonymous_0)
DA:1,2
DA:2,2
DA:4,2
DA:5,2
DA:6,2
DA:7,2
DA:10,2
DA:11,2
DA:12,2
DA:13,2
DA:15,2
DA:16,0
DA:19,2
DA:20,2
DA:21,2
DA:23,2
LF:16
LH:15
BRF:0
BRH:0
end_of_record
TN:
SF:__test__\mock\database\setup.js
FN:6,(anonymous_0)
FNF:1
FNH:1
FNDA:2,(anonymous_0)
DA:1,2
DA:2,2
DA:3,2
DA:4,2
DA:6,2
DA:7,2
DA:10,2
DA:11,2
DA:12,2
DA:13,2
DA:14,2
DA:16,0
DA:20,2
LF:13
LH:12
BRF:0
BRH:0
end_of_record
TN:
SF:controllers\leaderboard.js
FN:3,index
FN:12,show
FN:24,showUser
FN:34,update
FNF:4
FNH:4
FNDA:1,index
FNDA:2,show
FNDA:2,showUser
FNDA:2,update
DA:1,2
DA:4,1
DA:5,1
DA:6,1
DA:8,0
DA:13,2
DA:14,2
DA:15,2
DA:18,1
DA:20,1
DA:25,2
DA:26,2
DA:27,2
DA:28,1
DA:30,1
DA:35,2
DA:36,2
DA:37,2
DA:38,2
DA:39,1
DA:40,1
DA:42,1
DA:46,2
LF:23
LH:22
BRF:0
BRH:0
end_of_record
TN:
SF:controllers\quiz.js
FN:5,show
FN:13,getQuizByQuizId
FN:26,showById
FN:37,showByLanguageId
FN:48,getBeginnerQuizzes
FN:59,getIntermediateQuizzes
FN:69,getAdvancedQuizzes
FN:78,getAllInfo
FN:88,createQuizInstance
FN:99,updateQuizInstance
FNF:10
FNH:10
FNDA:1,show
FNDA:2,getQuizByQuizId
FNDA:2,showById
FNDA:2,showByLanguageId
FNDA:1,getBeginnerQuizzes
FNDA:1,getIntermediateQuizzes
FNDA:1,getAdvancedQuizzes
FNDA:2,getAllInfo
FNDA:1,createQuizInstance
FNDA:3,updateQuizInstance
DA:1,2
DA:2,2
DA:3,2
DA:6,1
DA:7,1
DA:8,1
DA:10,0
DA:14,2
DA:15,2
DA:16,2
DA:17,2
DA:18,1
DA:20,1
DA:22,0
DA:27,2
DA:28,2
DA:29,2
DA:30,1
DA:32,1
DA:38,2
DA:39,2
DA:40,2
DA:41,1
DA:43,1
DA:49,1
DA:50,1
DA:51,1
DA:52,1
DA:54,0
DA:60,1
DA:61,1
DA:62,1
DA:64,0
DA:70,1
DA:71,1
DA:72,1
DA:74,0
DA:79,2
DA:80,2
DA:81,2
DA:82,1
DA:84,1
DA:89,1
DA:90,1
DA:91,1
DA:92,1
DA:93,1
DA:95,0
DA:100,3
DA:101,3
DA:102,3
DA:103,3
DA:108,2
DA:109,2
DA:112,2
DA:114,1
DA:118,2
LF:57
LH:51
BRDA:17,0,0,1
BRDA:17,0,1,1
BRF:2
BRH:2
end_of_record
TN:
SF:controllers\user.js
FN:5,register
FN:23,login
FNF:2
FNH:2
FNDA:2,register
FNDA:2,login
DA:1,2
DA:2,2
DA:3,2
DA:6,2
DA:7,2
DA:10,2
DA:13,2
DA:15,2
DA:17,2
DA:19,0
DA:24,2
DA:25,2
DA:26,2
DA:27,2
DA:28,2
DA:29,2
DA:30,2
DA:31,2
DA:32,0
DA:35,2
DA:36,2
DA:39,0
DA:43,2
LF:23
LH:20
BRDA:31,0,0,0
BRDA:31,0,1,2
BRF:2
BRH:1
end_of_record
TN:
SF:db\connect.js
FNF:0
FNH:0
DA:1,2
DA:2,2
DA:4,2
DA:8,2
DA:10,2
LF:5
LH:5
BRF:0
BRH:0
end_of_record
TN:
SF:middleware\authenticator.js
FN:4,isAuthenticated
FNF:1
FNH:1
FNDA:25,isAuthenticated
DA:1,2
DA:5,25
DA:8,25
DA:9,23
DA:11,23
DA:13,23
DA:15,23
DA:16,23
DA:19,0
DA:22,0
DA:23,0
DA:27,2
DA:31,2
LF:13
LH:10
BRDA:8,0,0,23
BRDA:8,0,1,2
BRDA:8,1,0,25
BRDA:8,1,1,23
BRDA:13,2,0,23
BRDA:13,2,1,0
BRF:6
BRH:5
end_of_record
TN:
SF:middleware\logger.js
FN:1,logRoutes
FNF:1
FNH:1
FNDA:29,logRoutes
DA:2,29
DA:3,29
DA:6,2
LF:3
LH:3
BRF:0
BRH:0
end_of_record
TN:
SF:models\Leaderboard.js
FN:4,(anonymous_0)
FN:12,(anonymous_1)
FN:21,(anonymous_2)
FN:24,(anonymous_3)
FN:37,(anonymous_4)
FN:47,(anonymous_5)
FN:56,(anonymous_6)
FN:62,(anonymous_7)
FN:85,(anonymous_8)
FNF:9
FNH:8
FNDA:8,(anonymous_0)
FNDA:1,(anonymous_1)
FNDA:3,(anonymous_2)
FNDA:4,(anonymous_3)
FNDA:2,(anonymous_4)
FNDA:3,(anonymous_5)
FNDA:0,(anonymous_6)
FNDA:1,(anonymous_7)
FNDA:3,(anonymous_8)
DA:1,2
DA:5,8
DA:6,8
DA:7,8
DA:8,8
DA:9,8
DA:13,1
DA:17,1
DA:18,0
DA:21,3
DA:25,4
DA:30,4
DA:31,2
DA:34,2
DA:38,2
DA:39,2
DA:40,1
DA:44,1
DA:45,0
DA:47,3
DA:48,1
DA:49,0
DA:53,0
DA:54,0
DA:56,0
DA:58,1
DA:63,1
DA:67,1
DA:69,1
DA:78,1
DA:80,0
DA:81,0
DA:86,3
DA:87,3
DA:88,1
DA:93,1
DA:98,2
DA:103,2
DA:109,0
DA:110,0
DA:115,2
LF:41
LH:31
BRDA:17,0,0,0
BRDA:17,0,1,1
BRDA:30,1,0,2
BRDA:30,1,1,2
BRDA:39,2,0,1
BRDA:39,2,1,1
BRDA:44,3,0,0
BRDA:44,3,1,1
BRDA:48,4,0,0
BRDA:48,4,1,1
BRDA:53,5,0,0
BRDA:53,5,1,0
BRDA:65,6,0,0
BRDA:66,7,0,0
BRDA:87,8,0,1
BRDA:87,8,1,2
BRF:16
BRH:9
end_of_record
TN:
SF:models\Quiz.js
FN:4,(anonymous_0)
FN:22,(anonymous_1)
FN:32,(anonymous_2)
FN:41,(anonymous_3)
FN:48,(anonymous_4)
FN:57,(anonymous_5)
FN:62,(anonymous_6)
FN:72,(anonymous_7)
FN:77,(anonymous_8)
FN:81,(anonymous_9)
FN:86,(anonymous_10)
FN:90,(anonymous_11)
FN:95,(anonymous_12)
FN:99,(anonymous_13)
FN:103,(anonymous_14)
FN:118,(anonymous_15)
FN:155,(anonymous_16)
FNF:17
FNH:17
FNDA:36,(anonymous_0)
FNDA:1,(anonymous_1)
FNDA:2,(anonymous_2)
FNDA:4,(anonymous_3)
FNDA:2,(anonymous_4)
FNDA:4,(anonymous_5)
FNDA:2,(anonymous_6)
FNDA:3,(anonymous_7)
FNDA:1,(anonymous_8)
FNDA:6,(anonymous_9)
FNDA:1,(anonymous_10)
FNDA:6,(anonymous_11)
FNDA:1,(anonymous_12)
FNDA:6,(anonymous_13)
FNDA:6,(anonymous_14)
FNDA:1,(anonymous_15)
FNDA:2,(anonymous_16)
DA:1,2
DA:13,36
DA:14,36
DA:15,36
DA:16,36
DA:17,36
DA:18,36
DA:19,36
DA:23,1
DA:24,1
DA:25,1
DA:27,0
DA:33,2
DA:34,2
DA:38,2
DA:39,1
DA:41,4
DA:42,1
DA:44,0
DA:49,2
DA:54,2
DA:55,1
DA:57,4
DA:58,1
DA:63,2
DA:68,2
DA:69,1
DA:72,3
DA:73,1
DA:78,1
DA:81,6
DA:82,1
DA:87,1
DA:90,6
DA:91,1
DA:96,1
DA:99,6
DA:100,1
DA:104,6
DA:109,6
DA:110,2
DA:111,0
DA:114,4
DA:115,4
DA:126,1
DA:128,1
DA:140,1
DA:141,0
DA:145,1
DA:146,1
DA:152,1
DA:156,2
DA:162,2
DA:165,2
DA:168,2
DA:173,2
DA:185,2
DA:189,2
LF:58
LH:54
BRDA:38,0,0,1
BRDA:38,0,1,1
BRDA:54,1,0,1
BRDA:54,1,1,1
BRDA:68,2,0,1
BRDA:68,2,1,1
BRDA:109,3,0,2
BRDA:109,3,1,4
BRDA:140,4,0,0
BRDA:140,4,1,1
BRDA:162,5,0,1
BRDA:162,5,1,1
BRDA:165,6,0,0
BRDA:165,6,1,2
BRDA:168,7,0,0
BRDA:168,7,1,2
BRF:16
BRH:13
end_of_record
TN:
SF:models\User.js
FN:4,(anonymous_0)
FN:13,(anonymous_1)
FN:24,(anonymous_2)
FN:35,(anonymous_3)
FN:59,(anonymous_4)
FNF:5
FNH:4
FNDA:4,(anonymous_0)
FNDA:2,(anonymous_1)
FNDA:2,(anonymous_2)
FNDA:2,(anonymous_3)
FNDA:0,(anonymous_4)
DA:1,2
DA:5,4
DA:6,4
DA:7,4
DA:8,4
DA:14,2
DA:17,2
DA:18,0
DA:20,2
DA:25,2
DA:28,2
DA:29,0
DA:31,2
DA:36,2
DA:38,2
DA:43,2
DA:45,2
DA:50,2
DA:51,0
DA:53,2
DA:54,2
DA:60,0
DA:61,0
DA:66,0
DA:67,0
DA:70,0
DA:72,0
DA:81,2
LF:28
LH:19
BRDA:17,0,0,0
BRDA:17,0,1,2
BRDA:28,1,0,0
BRDA:28,1,1,2
BRDA:50,2,0,0
BRDA:50,2,1,2
BRDA:66,3,0,0
BRDA:66,3,1,0
BRF:8
BRH:3
end_of_record
TN:
SF:models\token.js
FN:6,(anonymous_0)
FN:12,(anonymous_1)
FN:24,(anonymous_2)
FN:35,(anonymous_3)
FN:47,(anonymous_4)
FN:56,(anonymous_5)
FNF:6
FNH:5
FNDA:25,(anonymous_0)
FNDA:2,(anonymous_1)
FNDA:2,(anonymous_2)
FNDA:23,(anonymous_3)
FNDA:23,(anonymous_4)
FNDA:0,(anonymous_5)
DA:1,2
DA:3,2
DA:7,25
DA:8,25
DA:9,25
DA:14,2
DA:15,2
DA:19,2
DA:20,2
DA:21,2
DA:25,2
DA:28,2
DA:29,0
DA:31,2
DA:36,23
DA:39,23
DA:40,0
DA:42,23
DA:48,23
DA:52,23
DA:57,0
DA:61,0
DA:65,2
LF:23
LH:19
BRDA:28,0,0,0
BRDA:28,0,1,2
BRDA:39,1,0,0
BRDA:39,1,1,23
BRDA:61,2,0,0
BRDA:61,2,1,0
BRF:6
BRH:2
end_of_record
TN:
SF:routers\leaderboard.js
FNF:0
FNH:0
DA:1,2
DA:2,2
DA:3,2
DA:5,2
DA:8,2
DA:11,2
DA:18,2
DA:25,2
DA:31,2
LF:9
LH:9
BRF:0
BRH:0
end_of_record
TN:
SF:routers\quiz.js
FNF:0
FNH:0
DA:1,2
DA:2,2
DA:3,2
DA:5,2
DA:8,2
DA:10,2
DA:13,2
DA:15,2
DA:21,2
DA:26,2
DA:31,2
DA:38,2
DA:45,2
DA:48,2
DA:53,2
LF:15
LH:15
BRF:0
BRH:0
end_of_record
TN:
SF:routers\user.js
FNF:0
FNH:0
DA:1,2
DA:2,2
DA:4,2
DA:6,2
DA:7,2
DA:9,2
LF:6
LH:6
BRF:0
BRH:0
end_of_record
